  [1m[36m (130.9ms)[0m  [1mCREATE TABLE "schema_migrations" ("version" varchar(255) NOT NULL) [0m
  [1m[35m (0.3ms)[0m  select sqlite_version(*)
  [1m[36m (131.4ms)[0m  [1mCREATE UNIQUE INDEX "unique_schema_migrations" ON "schema_migrations" ("version")[0m
  [1m[35mActiveRecord::SchemaMigration Load (0.2ms)[0m  SELECT "schema_migrations".* FROM "schema_migrations"
Migrating to DeviseCreateUsers (20140306104329)
  [1m[36m (0.1ms)[0m  [1mbegin transaction[0m
  [1m[35m (0.6ms)[0m  CREATE TABLE "users" ("id" INTEGER PRIMARY KEY AUTOINCREMENT NOT NULL, "email" varchar(255) DEFAULT '' NOT NULL, "encrypted_password" varchar(255) DEFAULT '' NOT NULL, "reset_password_token" varchar(255), "reset_password_sent_at" datetime, "remember_created_at" datetime, "sign_in_count" integer DEFAULT 0 NOT NULL, "current_sign_in_at" datetime, "last_sign_in_at" datetime, "current_sign_in_ip" varchar(255), "last_sign_in_ip" varchar(255), "created_at" datetime, "updated_at" datetime) 
  [1m[36m (16.4ms)[0m  [1mCREATE UNIQUE INDEX "index_users_on_email" ON "users" ("email")[0m
  [1m[35m (0.1ms)[0m              SELECT sql
            FROM sqlite_master
            WHERE name='index_users_on_email' AND type='index'
            UNION ALL
            SELECT sql
            FROM sqlite_temp_master
            WHERE name='index_users_on_email' AND type='index'

  [1m[36m (0.2ms)[0m  [1mCREATE UNIQUE INDEX "index_users_on_reset_password_token" ON "users" ("reset_password_token")[0m
  [1m[35mSQL (0.2ms)[0m  INSERT INTO "schema_migrations" ("version") VALUES (?)  [["version", "20140306104329"]]
  [1m[36m (189.3ms)[0m  [1mcommit transaction[0m
Migrating to AddNameToUsers (20140306104331)
  [1m[35m (0.1ms)[0m  begin transaction
  [1m[36m (0.4ms)[0m  [1mALTER TABLE "users" ADD "name" varchar(255)[0m
  [1m[35mSQL (0.4ms)[0m  INSERT INTO "schema_migrations" ("version") VALUES (?)  [["version", "20140306104331"]]
  [1m[36m (187.2ms)[0m  [1mcommit transaction[0m
Migrating to AddRoleToUsers (20140306104334)
  [1m[35m (0.1ms)[0m  begin transaction
  [1m[36m (0.4ms)[0m  [1mALTER TABLE "users" ADD "role" integer[0m
  [1m[35mSQL (0.4ms)[0m  INSERT INTO "schema_migrations" ("version") VALUES (?)  [["version", "20140306104334"]]
  [1m[36m (185.7ms)[0m  [1mcommit transaction[0m
  [1m[35mActiveRecord::SchemaMigration Load (0.1ms)[0m  SELECT "schema_migrations".* FROM "schema_migrations"
  [1m[36m (0.2ms)[0m  [1m            SELECT sql
            FROM sqlite_master
            WHERE name='index_users_on_reset_password_token' AND type='index'
            UNION ALL
            SELECT sql
            FROM sqlite_temp_master
            WHERE name='index_users_on_reset_password_token' AND type='index'
[0m
  [1m[35m (0.1ms)[0m              SELECT sql
            FROM sqlite_master
            WHERE name='index_users_on_email' AND type='index'
            UNION ALL
            SELECT sql
            FROM sqlite_temp_master
            WHERE name='index_users_on_email' AND type='index'

  [1m[36mActiveRecord::SchemaMigration Load (0.2ms)[0m  [1mSELECT "schema_migrations".* FROM "schema_migrations"[0m
  [1m[35mUser Load (0.3ms)[0m  SELECT  "users".* FROM "users"  WHERE "users"."email" = 'user@example.com' LIMIT 1
  [1m[36m (0.1ms)[0m  [1mbegin transaction[0m
  [1m[35mUser Exists (0.2ms)[0m  SELECT  1 AS one FROM "users"  WHERE "users"."email" = 'user@example.com' LIMIT 1
Binary data inserted for `string` type on column `encrypted_password`
  [1m[36mSQL (0.4ms)[0m  [1mINSERT INTO "users" ("created_at", "email", "encrypted_password", "role", "updated_at") VALUES (?, ?, ?, ?, ?)[0m  [["created_at", "2014-03-06 10:45:44.944492"], ["email", "user@example.com"], ["encrypted_password", "$2a$10$UW.0DlNh8ghFGQWOV36ZVu/6iRWEpMa2KEE96wTRSJX2DLOQCER0W"], ["role", 2], ["updated_at", "2014-03-06 10:45:44.944492"]]
  [1m[35m (235.9ms)[0m  commit transaction
  [1m[36m (0.1ms)[0m  [1mbegin transaction[0m
  [1m[35m (0.1ms)[0m  commit transaction
  [1m[36m (243.5ms)[0m  [1mDROP TABLE "users"[0m
  [1m[35m (165.0ms)[0m  CREATE TABLE "users" ("id" INTEGER PRIMARY KEY AUTOINCREMENT NOT NULL, "email" varchar(255) DEFAULT '' NOT NULL, "encrypted_password" varchar(255) DEFAULT '' NOT NULL, "reset_password_token" varchar(255), "reset_password_sent_at" datetime, "remember_created_at" datetime, "sign_in_count" integer DEFAULT 0 NOT NULL, "current_sign_in_at" datetime, "last_sign_in_at" datetime, "current_sign_in_ip" varchar(255), "last_sign_in_ip" varchar(255), "created_at" datetime, "updated_at" datetime, "name" varchar(255), "role" integer) 
  [1m[36m (0.2ms)[0m  [1mselect sqlite_version(*)[0m
  [1m[35m (153.9ms)[0m  CREATE UNIQUE INDEX "index_users_on_email" ON "users" ("email")
  [1m[36m (0.3ms)[0m  [1m            SELECT sql
            FROM sqlite_master
            WHERE name='index_users_on_email' AND type='index'
            UNION ALL
            SELECT sql
            FROM sqlite_temp_master
            WHERE name='index_users_on_email' AND type='index'
[0m
  [1m[35m (186.7ms)[0m  CREATE UNIQUE INDEX "index_users_on_reset_password_token" ON "users" ("reset_password_token")
  [1m[36m (0.1ms)[0m  [1mSELECT version FROM "schema_migrations"[0m
  [1m[35mActiveRecord::SchemaMigration Load (0.2ms)[0m  SELECT "schema_migrations".* FROM "schema_migrations"
  [1m[36mUser Load (0.3ms)[0m  [1mSELECT  "users".* FROM "users"  WHERE "users"."email" = 'user@example.com' LIMIT 1[0m
  [1m[35m (0.1ms)[0m  begin transaction
  [1m[36mUser Exists (0.2ms)[0m  [1mSELECT  1 AS one FROM "users"  WHERE "users"."email" = 'user@example.com' LIMIT 1[0m
Binary data inserted for `string` type on column `encrypted_password`
  [1m[35mSQL (0.3ms)[0m  INSERT INTO "users" ("created_at", "email", "encrypted_password", "role", "updated_at") VALUES (?, ?, ?, ?, ?)  [["created_at", "2014-03-06 10:50:17.620113"], ["email", "user@example.com"], ["encrypted_password", "$2a$10$FpM6qhl0nWO/EkmKEG7d7uMHdLgh3Fvhk03lkvbWVbGRXIBtnmCaK"], ["role", 2], ["updated_at", "2014-03-06 10:50:17.620113"]]
  [1m[36m (160.2ms)[0m  [1mcommit transaction[0m
  [1m[35m (0.1ms)[0m  begin transaction
  [1m[36m (0.1ms)[0m  [1mcommit transaction[0m


Started GET "/" for 127.0.0.1 at 2014-03-06 16:21:08 +0530
  [1m[36mActiveRecord::SchemaMigration Load (0.2ms)[0m  [1mSELECT "schema_migrations".* FROM "schema_migrations"[0m
Processing by HomeController#index as HTML
  Rendered home/index.html.erb within layouts/application (14.3ms)
  Rendered layouts/_navigation_links.html.erb (1.5ms)
  Rendered layouts/_navigation.html.erb (3.8ms)
  Rendered layouts/_messages.html.erb (0.8ms)
Completed 200 OK in 3795ms (Views: 3770.4ms | ActiveRecord: 0.0ms)


Started GET "/users/sign_in" for 127.0.0.1 at 2014-03-06 16:21:22 +0530
Processing by Devise::SessionsController#new as HTML
  Rendered devise/sessions/new.html.erb within layouts/application (29.8ms)
  Rendered layouts/_navigation_links.html.erb (0.7ms)
  Rendered layouts/_navigation.html.erb (2.0ms)
  Rendered layouts/_messages.html.erb (0.1ms)
Completed 200 OK in 67ms (Views: 48.0ms | ActiveRecord: 0.7ms)


Started GET "/users/sign_in" for 127.0.0.1 at 2014-03-06 16:21:36 +0530
Processing by Devise::SessionsController#new as HTML
  Rendered devise/sessions/new.html.erb within layouts/application (3.6ms)
  Rendered layouts/_navigation_links.html.erb (0.6ms)
  Rendered layouts/_navigation.html.erb (1.6ms)
  Rendered layouts/_messages.html.erb (0.1ms)
Completed 200 OK in 22ms (Views: 19.9ms | ActiveRecord: 0.0ms)


Started POST "/users/sign_in" for 127.0.0.1 at 2014-03-06 16:23:30 +0530
Processing by Devise::SessionsController#create as HTML
  Parameters: {"utf8"=>"✓", "authenticity_token"=>"e/4BPEjXb6G2GH4FH6q7KpICXAfS+M7Zm0oq609Z9gc=", "user"=>{"email"=>"user@example.com", "password"=>"[FILTERED]", "remember_me"=>"0"}, "commit"=>"Log in"}
  [1m[35mUser Load (0.4ms)[0m  SELECT  "users".* FROM "users"  WHERE "users"."email" = 'user@example.com'  ORDER BY "users"."id" ASC LIMIT 1
  [1m[36m (0.1ms)[0m  [1mbegin transaction[0m
Binary data inserted for `string` type on column `current_sign_in_ip`
Binary data inserted for `string` type on column `last_sign_in_ip`
  [1m[35mSQL (0.4ms)[0m  UPDATE "users" SET "current_sign_in_at" = ?, "current_sign_in_ip" = ?, "last_sign_in_at" = ?, "last_sign_in_ip" = ?, "sign_in_count" = ?, "updated_at" = ? WHERE "users"."id" = 1  [["current_sign_in_at", "2014-03-06 10:53:30.739217"], ["current_sign_in_ip", "127.0.0.1"], ["last_sign_in_at", "2014-03-06 10:53:30.739217"], ["last_sign_in_ip", "127.0.0.1"], ["sign_in_count", 1], ["updated_at", "2014-03-06 10:53:30.740994"]]
  [1m[36m (208.4ms)[0m  [1mcommit transaction[0m
Redirected to http://localhost:3000/
Completed 302 Found in 329ms (ActiveRecord: 209.3ms)


Started GET "/" for 127.0.0.1 at 2014-03-06 16:23:31 +0530
Processing by HomeController#index as HTML
  [1m[35mUser Load (0.3ms)[0m  SELECT  "users".* FROM "users"  WHERE "users"."id" = 1  ORDER BY "users"."id" ASC LIMIT 1
  [1m[36mUser Load (0.3ms)[0m  [1mSELECT "users".* FROM "users"[0m
  Rendered home/index.html.erb within layouts/application (3.1ms)
  Rendered layouts/_navigation_links.html.erb (0.4ms)
  Rendered layouts/_navigation.html.erb (1.6ms)
  Rendered layouts/_messages.html.erb (0.3ms)
Completed 200 OK in 20ms (Views: 18.7ms | ActiveRecord: 0.7ms)


Started GET "/users/edit" for 127.0.0.1 at 2014-03-06 16:24:02 +0530
Processing by RegistrationsController#edit as HTML
  [1m[35mUser Load (0.3ms)[0m  SELECT  "users".* FROM "users"  WHERE "users"."id" = 1  ORDER BY "users"."id" ASC LIMIT 1
  Rendered devise/registrations/edit.html.erb within layouts/application (7.4ms)
  Rendered layouts/_navigation_links.html.erb (1.9ms)
  Rendered layouts/_navigation.html.erb (6.0ms)
  Rendered layouts/_messages.html.erb (1.5ms)
Completed 200 OK in 39ms (Views: 35.3ms | ActiveRecord: 0.3ms)


Started GET "/users" for 127.0.0.1 at 2014-03-06 16:24:04 +0530
Processing by UsersController#index as HTML
  [1m[36mUser Load (0.3ms)[0m  [1mSELECT  "users".* FROM "users"  WHERE "users"."id" = 1  ORDER BY "users"."id" ASC LIMIT 1[0m
  [1m[35mUser Load (0.3ms)[0m  SELECT "users".* FROM "users"
  Rendered users/_user.html.erb (4.7ms)
  Rendered users/index.html.erb within layouts/application (8.0ms)
  Rendered layouts/_navigation_links.html.erb (0.4ms)
  Rendered layouts/_navigation.html.erb (2.3ms)
  Rendered layouts/_messages.html.erb (0.3ms)
Completed 200 OK in 32ms (Views: 27.5ms | ActiveRecord: 0.6ms)


Started DELETE "/users/sign_out" for 127.0.0.1 at 2014-03-06 16:24:16 +0530
Processing by Devise::SessionsController#destroy as HTML
  Parameters: {"authenticity_token"=>"DCqBHaD4JwvNT060DnRpYmik07cqgPealKYx9YPUo60="}
  [1m[36mUser Load (0.4ms)[0m  [1mSELECT  "users".* FROM "users"  WHERE "users"."id" = 1  ORDER BY "users"."id" ASC LIMIT 1[0m
  [1m[35m (0.1ms)[0m  begin transaction
  [1m[36m (0.1ms)[0m  [1mcommit transaction[0m
Redirected to http://localhost:3000/
Completed 302 Found in 11ms (ActiveRecord: 0.6ms)


Started GET "/" for 127.0.0.1 at 2014-03-06 16:24:16 +0530
Processing by HomeController#index as HTML
  Rendered home/index.html.erb within layouts/application (0.5ms)
  Rendered layouts/_navigation_links.html.erb (0.4ms)
  Rendered layouts/_navigation.html.erb (1.6ms)
  Rendered layouts/_messages.html.erb (0.2ms)
Completed 200 OK in 17ms (Views: 15.7ms | ActiveRecord: 0.0ms)


Started GET "/users/sign_up" for 127.0.0.1 at 2014-03-06 16:24:18 +0530
Processing by RegistrationsController#new as HTML
  Rendered devise/registrations/new.html.erb within layouts/application (5.0ms)
  Rendered layouts/_navigation_links.html.erb (0.7ms)
  Rendered layouts/_navigation.html.erb (1.8ms)
  Rendered layouts/_messages.html.erb (0.2ms)
Completed 200 OK in 25ms (Views: 23.7ms | ActiveRecord: 0.0ms)


Started POST "/users" for 127.0.0.1 at 2014-03-06 16:24:38 +0530
Processing by RegistrationsController#create as HTML
  Parameters: {"utf8"=>"✓", "authenticity_token"=>"i1bKwpdV0v6AkvgNr3GBGlcnTpiASVG7kZUmVY1aO80=", "user"=>{"name"=>"user", "email"=>"user@user.com", "password"=>"[FILTERED]", "password_confirmation"=>"[FILTERED]"}, "commit"=>"Sign up"}
  [1m[35m (0.1ms)[0m  begin transaction
  [1m[36mUser Exists (0.3ms)[0m  [1mSELECT  1 AS one FROM "users"  WHERE "users"."email" = 'user@user.com' LIMIT 1[0m
  [1m[35m (0.1ms)[0m  rollback transaction
  Rendered devise/registrations/new.html.erb within layouts/application (6.3ms)
  Rendered layouts/_navigation_links.html.erb (0.8ms)
  Rendered layouts/_navigation.html.erb (2.0ms)
  Rendered layouts/_messages.html.erb (0.2ms)
Completed 200 OK in 145ms (Views: 26.9ms | ActiveRecord: 0.5ms)


Started POST "/users" for 127.0.0.1 at 2014-03-06 16:24:54 +0530
Processing by RegistrationsController#create as HTML
  Parameters: {"utf8"=>"✓", "authenticity_token"=>"i1bKwpdV0v6AkvgNr3GBGlcnTpiASVG7kZUmVY1aO80=", "user"=>{"name"=>"user", "email"=>"user@user.com", "password"=>"[FILTERED]", "password_confirmation"=>"[FILTERED]"}, "commit"=>"Sign up"}
  [1m[36m (0.1ms)[0m  [1mbegin transaction[0m
  [1m[35mUser Exists (0.2ms)[0m  SELECT  1 AS one FROM "users"  WHERE "users"."email" = 'user@user.com' LIMIT 1
Binary data inserted for `string` type on column `encrypted_password`
  [1m[36mSQL (0.3ms)[0m  [1mINSERT INTO "users" ("created_at", "email", "encrypted_password", "name", "role", "updated_at") VALUES (?, ?, ?, ?, ?, ?)[0m  [["created_at", "2014-03-06 10:54:54.243534"], ["email", "user@user.com"], ["encrypted_password", "$2a$10$6OFha6Z8Rp/fUmyO8.04UuZE2CZGcHMEZIKKr6007KR4bnX/XqYaW"], ["name", "user"], ["role", 0], ["updated_at", "2014-03-06 10:54:54.243534"]]
  [1m[35m (213.6ms)[0m  commit transaction
  [1m[36m (0.1ms)[0m  [1mbegin transaction[0m
Binary data inserted for `string` type on column `current_sign_in_ip`
Binary data inserted for `string` type on column `last_sign_in_ip`
  [1m[35mSQL (0.3ms)[0m  UPDATE "users" SET "current_sign_in_at" = ?, "current_sign_in_ip" = ?, "last_sign_in_at" = ?, "last_sign_in_ip" = ?, "sign_in_count" = ?, "updated_at" = ? WHERE "users"."id" = 2  [["current_sign_in_at", "2014-03-06 10:54:54.460231"], ["current_sign_in_ip", "127.0.0.1"], ["last_sign_in_at", "2014-03-06 10:54:54.460231"], ["last_sign_in_ip", "127.0.0.1"], ["sign_in_count", 1], ["updated_at", "2014-03-06 10:54:54.460992"]]
  [1m[36m (173.9ms)[0m  [1mcommit transaction[0m
Redirected to http://localhost:3000/
Completed 302 Found in 499ms (ActiveRecord: 388.5ms)


Started GET "/" for 127.0.0.1 at 2014-03-06 16:24:54 +0530
Processing by HomeController#index as HTML
  [1m[35mUser Load (0.3ms)[0m  SELECT  "users".* FROM "users"  WHERE "users"."id" = 2  ORDER BY "users"."id" ASC LIMIT 1
  Rendered home/index.html.erb within layouts/application (1.7ms)
  Rendered layouts/_navigation_links.html.erb (0.4ms)
  Rendered layouts/_navigation.html.erb (1.4ms)
  Rendered layouts/_messages.html.erb (0.2ms)
Completed 200 OK in 18ms (Views: 16.5ms | ActiveRecord: 0.3ms)


Started GET "/users" for 127.0.0.1 at 2014-03-06 16:24:59 +0530
Processing by UsersController#index as HTML
  [1m[36mUser Load (0.3ms)[0m  [1mSELECT  "users".* FROM "users"  WHERE "users"."id" = 2  ORDER BY "users"."id" ASC LIMIT 1[0m
Redirected to http://localhost:3000/
Completed 302 Found in 3ms (ActiveRecord: 0.3ms)


Started GET "/" for 127.0.0.1 at 2014-03-06 16:24:59 +0530
Processing by HomeController#index as HTML
  [1m[35mUser Load (0.3ms)[0m  SELECT  "users".* FROM "users"  WHERE "users"."id" = 2  ORDER BY "users"."id" ASC LIMIT 1
  Rendered home/index.html.erb within layouts/application (2.0ms)
  Rendered layouts/_navigation_links.html.erb (0.5ms)
  Rendered layouts/_navigation.html.erb (2.0ms)
  Rendered layouts/_messages.html.erb (0.2ms)
Completed 200 OK in 19ms (Views: 17.7ms | ActiveRecord: 0.3ms)


Started GET "/users/edit" for 127.0.0.1 at 2014-03-06 16:25:01 +0530
Processing by RegistrationsController#edit as HTML
  [1m[36mUser Load (0.3ms)[0m  [1mSELECT  "users".* FROM "users"  WHERE "users"."id" = 2  ORDER BY "users"."id" ASC LIMIT 1[0m
  Rendered devise/registrations/edit.html.erb within layouts/application (5.3ms)
  Rendered layouts/_navigation_links.html.erb (0.4ms)
  Rendered layouts/_navigation.html.erb (1.7ms)
  Rendered layouts/_messages.html.erb (0.1ms)
Completed 200 OK in 26ms (Views: 23.6ms | ActiveRecord: 0.3ms)


Started GET "/" for 127.0.0.1 at 2014-03-06 16:25:03 +0530
Processing by HomeController#index as HTML
  [1m[35mUser Load (0.3ms)[0m  SELECT  "users".* FROM "users"  WHERE "users"."id" = 2  ORDER BY "users"."id" ASC LIMIT 1
  Rendered home/index.html.erb within layouts/application (1.8ms)
  Rendered layouts/_navigation_links.html.erb (0.5ms)
  Rendered layouts/_navigation.html.erb (2.1ms)
  Rendered layouts/_messages.html.erb (0.1ms)
Completed 200 OK in 22ms (Views: 20.3ms | ActiveRecord: 0.3ms)


Started GET "/users" for 127.0.0.1 at 2014-03-06 16:25:06 +0530
Processing by UsersController#index as HTML
  [1m[36mUser Load (0.3ms)[0m  [1mSELECT  "users".* FROM "users"  WHERE "users"."id" = 2  ORDER BY "users"."id" ASC LIMIT 1[0m
Redirected to http://localhost:3000/
Completed 302 Found in 3ms (ActiveRecord: 0.3ms)


Started GET "/" for 127.0.0.1 at 2014-03-06 16:25:06 +0530
Processing by HomeController#index as HTML
  [1m[35mUser Load (0.3ms)[0m  SELECT  "users".* FROM "users"  WHERE "users"."id" = 2  ORDER BY "users"."id" ASC LIMIT 1
  Rendered home/index.html.erb within layouts/application (1.3ms)
  Rendered layouts/_navigation_links.html.erb (0.4ms)
  Rendered layouts/_navigation.html.erb (1.6ms)
  Rendered layouts/_messages.html.erb (0.4ms)
Completed 200 OK in 19ms (Views: 17.3ms | ActiveRecord: 0.3ms)


Started GET "/users/edit" for 127.0.0.1 at 2014-03-06 16:25:10 +0530
Processing by RegistrationsController#edit as HTML
  [1m[36mUser Load (0.4ms)[0m  [1mSELECT  "users".* FROM "users"  WHERE "users"."id" = 2  ORDER BY "users"."id" ASC LIMIT 1[0m
  Rendered devise/registrations/edit.html.erb within layouts/application (4.8ms)
  Rendered layouts/_navigation_links.html.erb (0.3ms)
  Rendered layouts/_navigation.html.erb (1.5ms)
  Rendered layouts/_messages.html.erb (0.1ms)
Completed 200 OK in 26ms (Views: 23.0ms | ActiveRecord: 0.4ms)


Started DELETE "/users/sign_out" for 127.0.0.1 at 2014-03-06 16:25:13 +0530
Processing by Devise::SessionsController#destroy as HTML
  Parameters: {"authenticity_token"=>"i1bKwpdV0v6AkvgNr3GBGlcnTpiASVG7kZUmVY1aO80="}
  [1m[35mUser Load (0.3ms)[0m  SELECT  "users".* FROM "users"  WHERE "users"."id" = 2  ORDER BY "users"."id" ASC LIMIT 1
  [1m[36m (0.1ms)[0m  [1mbegin transaction[0m
  [1m[35m (0.1ms)[0m  commit transaction
Redirected to http://localhost:3000/
Completed 302 Found in 8ms (ActiveRecord: 0.4ms)


Started GET "/" for 127.0.0.1 at 2014-03-06 16:25:13 +0530
Processing by HomeController#index as HTML
  Rendered home/index.html.erb within layouts/application (0.4ms)
  Rendered layouts/_navigation_links.html.erb (0.8ms)
  Rendered layouts/_navigation.html.erb (2.8ms)
  Rendered layouts/_messages.html.erb (0.2ms)
Completed 200 OK in 17ms (Views: 16.3ms | ActiveRecord: 0.0ms)
  [1m[36mUser Load (0.3ms)[0m  [1mSELECT  "users".* FROM "users"   ORDER BY "users"."id" DESC LIMIT 1[0m
  [1m[35mUser Load (0.6ms)[0m  SELECT  "users".* FROM "users"   ORDER BY "users"."id" DESC LIMIT 1


Started GET "/users/" for 127.0.0.1 at 2014-03-06 17:48:13 +0530
  [1m[36mActiveRecord::SchemaMigration Load (0.2ms)[0m  [1mSELECT "schema_migrations".* FROM "schema_migrations"[0m
Processing by UsersController#index as HTML
Completed 401 Unauthorized in 43ms


Started GET "/users/sign_in" for 127.0.0.1 at 2014-03-06 17:48:13 +0530
Processing by Devise::SessionsController#new as HTML
  Rendered devise/sessions/new.html.erb within layouts/application (19.8ms)
  Rendered layouts/_navigation_links.html.erb (1.4ms)
  Rendered layouts/_navigation.html.erb (3.2ms)
  Rendered layouts/_messages.html.erb (0.9ms)
Completed 200 OK in 274ms (Views: 256.8ms | ActiveRecord: 0.5ms)


Started GET "/users/sign_up" for 127.0.0.1 at 2014-03-06 18:02:23 +0530
Processing by RegistrationsController#new as HTML
  Rendered devise/registrations/new.html.erb within layouts/application (5.6ms)
  Rendered layouts/_navigation_links.html.erb (0.7ms)
  Rendered layouts/_navigation.html.erb (2.0ms)
  Rendered layouts/_messages.html.erb (0.2ms)
Completed 200 OK in 27ms (Views: 24.8ms | ActiveRecord: 0.0ms)


Started POST "/users" for 127.0.0.1 at 2014-03-06 18:04:04 +0530
Processing by RegistrationsController#create as HTML
  Parameters: {"utf8"=>"✓", "authenticity_token"=>"43/ETnPISCj6a9uaVUDebRX2exhjaekCJiTmywQBfeo=", "user"=>{"name"=>"usernormal123", "email"=>"usernormal123@example.com", "password"=>"[FILTERED]", "password_confirmation"=>"[FILTERED]"}, "commit"=>"Sign up"}
  [1m[35m (0.3ms)[0m  begin transaction
  [1m[36mUser Exists (0.3ms)[0m  [1mSELECT  1 AS one FROM "users"  WHERE "users"."email" = 'usernormal123@example.com' LIMIT 1[0m
Binary data inserted for `string` type on column `encrypted_password`
  [1m[35mSQL (0.6ms)[0m  INSERT INTO "users" ("created_at", "email", "encrypted_password", "name", "role", "updated_at") VALUES (?, ?, ?, ?, ?, ?)  [["created_at", "2014-03-06 12:34:04.418840"], ["email", "usernormal123@example.com"], ["encrypted_password", "$2a$10$NFwsjNTyXW/nJzDFOhzG9ODu5XWmEQh/8X8Nh69zChwsvLyKyurB6"], ["name", "usernormal123"], ["role", 0], ["updated_at", "2014-03-06 12:34:04.418840"]]
  [1m[36m (175.3ms)[0m  [1mcommit transaction[0m
  [1m[35m (0.1ms)[0m  begin transaction
Binary data inserted for `string` type on column `current_sign_in_ip`
Binary data inserted for `string` type on column `last_sign_in_ip`
  [1m[36mSQL (0.4ms)[0m  [1mUPDATE "users" SET "current_sign_in_at" = ?, "current_sign_in_ip" = ?, "last_sign_in_at" = ?, "last_sign_in_ip" = ?, "sign_in_count" = ?, "updated_at" = ? WHERE "users"."id" = 3[0m  [["current_sign_in_at", "2014-03-06 12:34:04.600747"], ["current_sign_in_ip", "127.0.0.1"], ["last_sign_in_at", "2014-03-06 12:34:04.600747"], ["last_sign_in_ip", "127.0.0.1"], ["sign_in_count", 1], ["updated_at", "2014-03-06 12:34:04.602509"]]
  [1m[35m (138.4ms)[0m  commit transaction
Redirected to http://localhost:3000/users
Completed 302 Found in 443ms (ActiveRecord: 315.4ms)


Started GET "/users" for 127.0.0.1 at 2014-03-06 18:04:04 +0530
Processing by UsersController#index as HTML
  [1m[36mUser Load (0.3ms)[0m  [1mSELECT  "users".* FROM "users"  WHERE "users"."id" = 3  ORDER BY "users"."id" ASC LIMIT 1[0m
Redirected to http://localhost:3000/users/sign_up
Completed 302 Found in 8ms (ActiveRecord: 0.3ms)


Started GET "/users/sign_up" for 127.0.0.1 at 2014-03-06 18:04:04 +0530
Processing by RegistrationsController#new as HTML
  [1m[35mUser Load (0.3ms)[0m  SELECT  "users".* FROM "users"  WHERE "users"."id" = 3  ORDER BY "users"."id" ASC LIMIT 1
Redirected to http://localhost:3000/
Filter chain halted as :require_no_authentication rendered or redirected
Completed 302 Found in 3ms (ActiveRecord: 0.3ms)


Started GET "/" for 127.0.0.1 at 2014-03-06 18:04:04 +0530
Processing by HomeController#index as HTML
  [1m[36mUser Load (0.3ms)[0m  [1mSELECT  "users".* FROM "users"  WHERE "users"."id" = 3  ORDER BY "users"."id" ASC LIMIT 1[0m
  Rendered home/index.html.erb within layouts/application (2.3ms)
  Rendered layouts/_navigation_links.html.erb (0.4ms)
  Rendered layouts/_navigation.html.erb (1.6ms)
  Rendered layouts/_messages.html.erb (0.3ms)
Completed 200 OK in 20ms (Views: 18.4ms | ActiveRecord: 0.3ms)


Started DELETE "/users/sign_out" for 127.0.0.1 at 2014-03-06 18:04:53 +0530
Processing by Devise::SessionsController#destroy as HTML
  Parameters: {"authenticity_token"=>"43/ETnPISCj6a9uaVUDebRX2exhjaekCJiTmywQBfeo="}
  [1m[35mUser Load (0.3ms)[0m  SELECT  "users".* FROM "users"  WHERE "users"."id" = 3  ORDER BY "users"."id" ASC LIMIT 1
  [1m[36m (0.1ms)[0m  [1mbegin transaction[0m
  [1m[35m (0.1ms)[0m  commit transaction
Redirected to http://localhost:3000/
Completed 302 Found in 10ms (ActiveRecord: 0.5ms)


Started GET "/" for 127.0.0.1 at 2014-03-06 18:04:53 +0530
Processing by HomeController#index as HTML
  Rendered home/index.html.erb within layouts/application (0.4ms)
  Rendered layouts/_navigation_links.html.erb (0.4ms)
  Rendered layouts/_navigation.html.erb (1.5ms)
  Rendered layouts/_messages.html.erb (0.2ms)
Completed 200 OK in 16ms (Views: 14.7ms | ActiveRecord: 0.0ms)


Started GET "/users/sign_up" for 127.0.0.1 at 2014-03-06 18:04:55 +0530
Processing by RegistrationsController#new as HTML
  Rendered devise/registrations/new.html.erb within layouts/application (4.0ms)
  Rendered layouts/_navigation_links.html.erb (0.7ms)
  Rendered layouts/_navigation.html.erb (1.8ms)
  Rendered layouts/_messages.html.erb (0.2ms)
Completed 200 OK in 24ms (Views: 22.1ms | ActiveRecord: 0.0ms)


Started GET "/users/sign_in" for 127.0.0.1 at 2014-03-06 18:20:00 +0530
Processing by Devise::SessionsController#new as HTML
  Rendered devise/sessions/new.html.erb within layouts/application (4.4ms)
  Rendered layouts/_navigation_links.html.erb (0.6ms)
  Rendered layouts/_navigation.html.erb (1.7ms)
  Rendered layouts/_messages.html.erb (0.1ms)
Completed 200 OK in 24ms (Views: 21.5ms | ActiveRecord: 0.0ms)


Started POST "/users/sign_in" for 127.0.0.1 at 2014-03-06 18:20:11 +0530
Processing by Devise::SessionsController#create as HTML
  Parameters: {"utf8"=>"✓", "authenticity_token"=>"AKfZC4daDi3/nQ8dICBtVca8EU1EAlhlNLV/CTbKPv8=", "user"=>{"email"=>"user@user.com", "password"=>"[FILTERED]", "remember_me"=>"0"}, "commit"=>"Log in"}
  [1m[36mUser Load (0.3ms)[0m  [1mSELECT  "users".* FROM "users"  WHERE "users"."email" = 'user@user.com'  ORDER BY "users"."id" ASC LIMIT 1[0m
  [1m[35m (0.1ms)[0m  begin transaction
  [1m[36mSQL (0.3ms)[0m  [1mUPDATE "users" SET "current_sign_in_at" = ?, "sign_in_count" = ?, "updated_at" = ? WHERE "users"."id" = 2[0m  [["current_sign_in_at", "2014-03-06 12:50:11.911308"], ["sign_in_count", 2], ["updated_at", "2014-03-06 12:50:11.912146"]]
  [1m[35m (210.1ms)[0m  commit transaction
Redirected to http://localhost:3000/
Completed 302 Found in 315ms (ActiveRecord: 210.8ms)


Started GET "/" for 127.0.0.1 at 2014-03-06 18:20:12 +0530
Processing by HomeController#index as HTML
  [1m[36mUser Load (0.3ms)[0m  [1mSELECT  "users".* FROM "users"  WHERE "users"."id" = 2  ORDER BY "users"."id" ASC LIMIT 1[0m
  Rendered home/index.html.erb within layouts/application (1.6ms)
  Rendered layouts/_navigation_links.html.erb (0.4ms)
  Rendered layouts/_navigation.html.erb (1.5ms)
  Rendered layouts/_messages.html.erb (0.2ms)
Completed 200 OK in 19ms (Views: 17.9ms | ActiveRecord: 0.3ms)


Started DELETE "/users/sign_out" for 127.0.0.1 at 2014-03-06 18:28:13 +0530
Processing by Devise::SessionsController#destroy as HTML
  Parameters: {"authenticity_token"=>"oBdeIuWjW1t7/UMBpkxXY2YhSBPQhbZLfhh3cNgcvXI="}
  [1m[35mUser Load (0.3ms)[0m  SELECT  "users".* FROM "users"  WHERE "users"."id" = 2  ORDER BY "users"."id" ASC LIMIT 1
  [1m[36m (0.1ms)[0m  [1mbegin transaction[0m
  [1m[35m (0.1ms)[0m  commit transaction
Redirected to http://localhost:3000/
Completed 302 Found in 7ms (ActiveRecord: 0.5ms)


Started GET "/" for 127.0.0.1 at 2014-03-06 18:28:13 +0530
Processing by HomeController#index as HTML
  Rendered home/index.html.erb within layouts/application (0.5ms)
  Rendered layouts/_navigation_links.html.erb (0.4ms)
  Rendered layouts/_navigation.html.erb (1.4ms)
  Rendered layouts/_messages.html.erb (0.2ms)
Completed 200 OK in 16ms (Views: 15.0ms | ActiveRecord: 0.0ms)


Started GET "/users/sign_in" for 127.0.0.1 at 2014-03-06 18:28:16 +0530
Processing by Devise::SessionsController#new as HTML
  Rendered devise/sessions/new.html.erb within layouts/application (4.2ms)
  Rendered layouts/_navigation_links.html.erb (0.6ms)
  Rendered layouts/_navigation.html.erb (1.6ms)
  Rendered layouts/_messages.html.erb (0.1ms)
Completed 200 OK in 22ms (Views: 19.9ms | ActiveRecord: 0.0ms)


Started POST "/users/sign_in" for 127.0.0.1 at 2014-03-06 18:29:50 +0530
Processing by Devise::SessionsController#create as HTML
  Parameters: {"utf8"=>"✓", "authenticity_token"=>"I7/kVcNwH98mR2t9uayrfqOJ6vtnXrtp9qxeYAo/iTA=", "user"=>{"email"=>"admin@warehousing.com", "password"=>"[FILTERED]", "remember_me"=>"0"}, "commit"=>"Log in"}
  [1m[36mUser Load (0.3ms)[0m  [1mSELECT  "users".* FROM "users"  WHERE "users"."email" = 'admin@warehousing.com'  ORDER BY "users"."id" ASC LIMIT 1[0m
Completed 401 Unauthorized in 3ms
Processing by Devise::SessionsController#new as HTML
  Parameters: {"utf8"=>"✓", "authenticity_token"=>"I7/kVcNwH98mR2t9uayrfqOJ6vtnXrtp9qxeYAo/iTA=", "user"=>{"email"=>"admin@warehousing.com", "password"=>"[FILTERED]", "remember_me"=>"0"}, "commit"=>"Log in"}
  Rendered devise/sessions/new.html.erb within layouts/application (3.3ms)
  Rendered layouts/_navigation_links.html.erb (0.6ms)
  Rendered layouts/_navigation.html.erb (1.9ms)
  Rendered layouts/_messages.html.erb (0.1ms)
Completed 200 OK in 114ms (Views: 18.4ms | ActiveRecord: 0.0ms)


Started GET "/" for 127.0.0.1 at 2014-03-09 11:03:32 +0530
  [1m[36mActiveRecord::SchemaMigration Load (0.2ms)[0m  [1mSELECT "schema_migrations".* FROM "schema_migrations"[0m
Processing by HomeController#index as HTML
  Rendered home/index.html.erb within layouts/application (31.2ms)
  Rendered layouts/_navigation_links.html.erb (1.7ms)
  Rendered layouts/_navigation.html.erb (23.3ms)
  Rendered layouts/_messages.html.erb (0.9ms)
Completed 200 OK in 637ms (Views: 574.3ms | ActiveRecord: 0.0ms)


Started GET "/" for 127.0.0.1 at 2014-03-09 11:21:03 +0530
  [1m[36mActiveRecord::SchemaMigration Load (0.3ms)[0m  [1mSELECT "schema_migrations".* FROM "schema_migrations"[0m
Processing by HomeController#index as HTML
  Rendered home/index.html.erb within layouts/application (13.5ms)
  Rendered layouts/_navigation_links.html.erb (1.5ms)
  Rendered layouts/_navigation.html.erb (4.4ms)
  Rendered layouts/_messages.html.erb (0.8ms)
Completed 200 OK in 400ms (Views: 373.9ms | ActiveRecord: 0.0ms)


Started GET "/users/sign_up" for 127.0.0.1 at 2014-03-09 14:53:40 +0530
Processing by RegistrationsController#new as HTML
  Rendered devise/registrations/new.html.erb within layouts/application (157.5ms)
  Rendered layouts/_navigation_links.html.erb (0.7ms)
  Rendered layouts/_navigation.html.erb (15.1ms)
  Rendered layouts/_messages.html.erb (0.2ms)
Completed 200 OK in 476ms (Views: 321.2ms | ActiveRecord: 123.8ms)


Started GET "/users/sign_in" for 127.0.0.1 at 2014-03-09 14:53:47 +0530
Processing by Devise::SessionsController#new as HTML
  Rendered devise/sessions/new.html.erb within layouts/application (27.3ms)
  Rendered layouts/_navigation_links.html.erb (0.9ms)
  Rendered layouts/_navigation.html.erb (2.0ms)
  Rendered layouts/_messages.html.erb (0.5ms)
Completed 200 OK in 100ms (Views: 95.0ms | ActiveRecord: 0.0ms)


Started POST "/users/sign_in" for 127.0.0.1 at 2014-03-09 14:54:00 +0530
Processing by Devise::SessionsController#create as HTML
  Parameters: {"utf8"=>"✓", "authenticity_token"=>"LGIHqZh+Zpdy5/TvFeqBr7jGa3iS8ZMLF2OyGb2O7F4=", "user"=>{"email"=>"user@example.com", "password"=>"[FILTERED]", "remember_me"=>"0"}, "commit"=>"Log in"}
  [1m[35mUser Load (0.4ms)[0m  SELECT  "users".* FROM "users"  WHERE "users"."email" = 'user@example.com'  ORDER BY "users"."id" ASC LIMIT 1
  [1m[36m (0.2ms)[0m  [1mbegin transaction[0m
  [1m[35mSQL (0.5ms)[0m  UPDATE "users" SET "current_sign_in_at" = ?, "sign_in_count" = ?, "updated_at" = ? WHERE "users"."id" = 1  [["current_sign_in_at", "2014-03-09 09:24:00.401761"], ["sign_in_count", 2], ["updated_at", "2014-03-09 09:24:00.404814"]]
  [1m[36m (158.9ms)[0m  [1mcommit transaction[0m
Redirected to http://0.0.0.0:3000/
Completed 302 Found in 404ms (ActiveRecord: 160.0ms)


Started GET "/" for 127.0.0.1 at 2014-03-09 14:54:00 +0530
Processing by HomeController#index as HTML
  [1m[35mUser Load (0.4ms)[0m  SELECT  "users".* FROM "users"  WHERE "users"."id" = 1  ORDER BY "users"."id" ASC LIMIT 1
  [1m[36mUser Load (0.2ms)[0m  [1mSELECT "users".* FROM "users"[0m
  Rendered home/index.html.erb within layouts/application (3.4ms)
  Rendered layouts/_navigation_links.html.erb (0.8ms)
  Rendered layouts/_navigation.html.erb (2.3ms)
  Rendered layouts/_messages.html.erb (0.4ms)
Completed 200 OK in 49ms (Views: 47.5ms | ActiveRecord: 0.6ms)


Started GET "/users" for 127.0.0.1 at 2014-03-09 14:54:10 +0530
Processing by UsersController#index as HTML
  [1m[35mUser Load (2.4ms)[0m  SELECT  "users".* FROM "users"  WHERE "users"."id" = 1  ORDER BY "users"."id" ASC LIMIT 1
  [1m[36mUser Load (0.4ms)[0m  [1mSELECT "users".* FROM "users"[0m
  Rendered users/_user.html.erb (26.3ms)
  Rendered users/_user.html.erb (2.9ms)
  Rendered users/_user.html.erb (2.5ms)
  Rendered users/index.html.erb within layouts/application (41.2ms)
  Rendered layouts/_navigation_links.html.erb (1.6ms)
  Rendered layouts/_navigation.html.erb (6.4ms)
  Rendered layouts/_messages.html.erb (0.9ms)
Completed 200 OK in 101ms (Views: 85.1ms | ActiveRecord: 2.9ms)


Started GET "/users" for 127.0.0.1 at 2014-03-09 15:06:50 +0530
  [1m[36mActiveRecord::SchemaMigration Load (0.2ms)[0m  [1mSELECT "schema_migrations".* FROM "schema_migrations"[0m
Processing by UsersController#index as HTML
  [1m[35mUser Load (0.5ms)[0m  SELECT  "users".* FROM "users"  WHERE "users"."id" = 1  ORDER BY "users"."id" ASC LIMIT 1
  [1m[36mUser Load (0.4ms)[0m  [1mSELECT "users".* FROM "users"[0m
  Rendered users/_user.html.erb (14.9ms)
  Rendered users/_user.html.erb (2.7ms)
  Rendered users/_user.html.erb (3.0ms)
  Rendered users/index.html.erb within layouts/application (32.5ms)
  Rendered layouts/_navigation_links.html.erb (1.3ms)
  Rendered layouts/_navigation.html.erb (4.3ms)
  Rendered layouts/_messages.html.erb (1.2ms)
Completed 200 OK in 506ms (Views: 435.1ms | ActiveRecord: 2.5ms)


Started GET "/users" for 127.0.0.1 at 2014-03-09 15:07:21 +0530
Processing by UsersController#index as HTML
Completed 401 Unauthorized in 26ms


Started GET "/users/sign_in" for 127.0.0.1 at 2014-03-09 15:07:21 +0530
Processing by Devise::SessionsController#new as HTML
  Rendered devise/sessions/new.html.erb within layouts/application (16.0ms)
  Rendered layouts/_navigation_links.html.erb (0.8ms)
  Rendered layouts/_navigation.html.erb (2.5ms)
  Rendered layouts/_messages.html.erb (0.4ms)
Completed 200 OK in 47ms (Views: 43.0ms | ActiveRecord: 0.0ms)


Started GET "/users/sign_in" for 127.0.0.1 at 2014-03-09 15:07:39 +0530
Processing by Devise::SessionsController#new as HTML
  Rendered devise/sessions/new.html.erb within layouts/application (4.2ms)
  Rendered layouts/_navigation_links.html.erb (0.7ms)
  Rendered layouts/_navigation.html.erb (2.4ms)
  Rendered layouts/_messages.html.erb (0.2ms)
Completed 200 OK in 31ms (Views: 26.8ms | ActiveRecord: 0.0ms)
  [1m[36mUser Load (0.6ms)[0m  [1mSELECT  "users".* FROM "users"   ORDER BY "users"."id" DESC LIMIT 1[0m
  [1m[35mUser Load (0.5ms)[0m  SELECT  "users".* FROM "users"   ORDER BY "users"."id" DESC LIMIT 1
  [1m[36m (202.8ms)[0m  [1mCREATE TABLE "users" ("id" INTEGER PRIMARY KEY AUTOINCREMENT NOT NULL, "email" varchar(255) DEFAULT '' NOT NULL, "encrypted_password" varchar(255) DEFAULT '' NOT NULL, "reset_password_token" varchar(255), "reset_password_sent_at" datetime, "remember_created_at" datetime, "sign_in_count" integer DEFAULT 0 NOT NULL, "current_sign_in_at" datetime, "last_sign_in_at" datetime, "current_sign_in_ip" varchar(255), "last_sign_in_ip" varchar(255), "created_at" datetime, "updated_at" datetime, "name" varchar(255), "role" integer) [0m
  [1m[35m (0.2ms)[0m  select sqlite_version(*)
  [1m[36m (165.4ms)[0m  [1mCREATE UNIQUE INDEX "index_users_on_email" ON "users" ("email")[0m
  [1m[35m (0.2ms)[0m              SELECT sql
            FROM sqlite_master
            WHERE name='index_users_on_email' AND type='index'
            UNION ALL
            SELECT sql
            FROM sqlite_temp_master
            WHERE name='index_users_on_email' AND type='index'

  [1m[36m (154.6ms)[0m  [1mCREATE UNIQUE INDEX "index_users_on_reset_password_token" ON "users" ("reset_password_token")[0m
  [1m[35m (164.6ms)[0m  CREATE TABLE "schema_migrations" ("version" varchar(255) NOT NULL) 
  [1m[36m (154.9ms)[0m  [1mCREATE UNIQUE INDEX "unique_schema_migrations" ON "schema_migrations" ("version")[0m
  [1m[35m (0.2ms)[0m  SELECT version FROM "schema_migrations"
  [1m[36m (165.6ms)[0m  [1mINSERT INTO "schema_migrations" (version) VALUES ('20140306104334')[0m
  [1m[35m (178.7ms)[0m  INSERT INTO "schema_migrations" (version) VALUES ('20140306104331')
  [1m[36m (144.1ms)[0m  [1mINSERT INTO "schema_migrations" (version) VALUES ('20140306104329')[0m
  [1m[36m (172.5ms)[0m  [1mCREATE TABLE "users" ("id" INTEGER PRIMARY KEY AUTOINCREMENT NOT NULL, "email" varchar(255) DEFAULT '' NOT NULL, "encrypted_password" varchar(255) DEFAULT '' NOT NULL, "reset_password_token" varchar(255), "reset_password_sent_at" datetime, "remember_created_at" datetime, "sign_in_count" integer DEFAULT 0 NOT NULL, "current_sign_in_at" datetime, "last_sign_in_at" datetime, "current_sign_in_ip" varchar(255), "last_sign_in_ip" varchar(255), "created_at" datetime, "updated_at" datetime, "name" varchar(255), "role" integer) [0m
  [1m[35m (0.2ms)[0m  select sqlite_version(*)
  [1m[36m (154.0ms)[0m  [1mCREATE UNIQUE INDEX "index_users_on_email" ON "users" ("email")[0m
  [1m[35m (0.2ms)[0m              SELECT sql
            FROM sqlite_master
            WHERE name='index_users_on_email' AND type='index'
            UNION ALL
            SELECT sql
            FROM sqlite_temp_master
            WHERE name='index_users_on_email' AND type='index'

  [1m[36m (165.4ms)[0m  [1mCREATE UNIQUE INDEX "index_users_on_reset_password_token" ON "users" ("reset_password_token")[0m
  [1m[35m (165.3ms)[0m  CREATE TABLE "schema_migrations" ("version" varchar(255) NOT NULL) 
  [1m[36m (154.7ms)[0m  [1mCREATE UNIQUE INDEX "unique_schema_migrations" ON "schema_migrations" ("version")[0m
  [1m[35m (0.2ms)[0m  SELECT version FROM "schema_migrations"
  [1m[36m (154.8ms)[0m  [1mINSERT INTO "schema_migrations" (version) VALUES ('20140306104334')[0m
  [1m[35m (144.4ms)[0m  INSERT INTO "schema_migrations" (version) VALUES ('20140306104331')
  [1m[36m (166.4ms)[0m  [1mINSERT INTO "schema_migrations" (version) VALUES ('20140306104329')[0m


Started POST "/users/sign_in" for 127.0.0.1 at 2014-03-09 21:16:27 +0530
  [1m[36mActiveRecord::SchemaMigration Load (0.2ms)[0m  [1mSELECT "schema_migrations".* FROM "schema_migrations"[0m
Processing by Devise::SessionsController#create as HTML
  Parameters: {"utf8"=>"✓", "authenticity_token"=>"NpPVgJyUnuoTpllkmmxQPbCoqis+F1WDX4QyODhUwLc=", "user"=>{"email"=>"user@example.com", "password"=>"[FILTERED]", "remember_me"=>"0"}, "commit"=>"Log in"}
  [1m[35mUser Load (0.3ms)[0m  SELECT  "users".* FROM "users"  WHERE "users"."email" = 'user@example.com'  ORDER BY "users"."id" ASC LIMIT 1
  [1m[36m (0.1ms)[0m  [1mbegin transaction[0m
  [1m[35mSQL (0.5ms)[0m  UPDATE "users" SET "current_sign_in_at" = ?, "last_sign_in_at" = ?, "sign_in_count" = ?, "updated_at" = ? WHERE "users"."id" = 1  [["current_sign_in_at", "2014-03-09 15:46:27.642324"], ["last_sign_in_at", "2014-03-09 09:24:00.401761"], ["sign_in_count", 3], ["updated_at", "2014-03-09 15:46:27.644176"]]
  [1m[36m (192.2ms)[0m  [1mcommit transaction[0m
Redirected to http://lvh.me:3000/
Completed 302 Found in 375ms (ActiveRecord: 193.6ms)


Started GET "/" for 127.0.0.1 at 2014-03-09 21:16:27 +0530
Processing by HomeController#index as HTML
  [1m[35mUser Load (0.3ms)[0m  SELECT  "users".* FROM "users"  WHERE "users"."id" = 1  ORDER BY "users"."id" ASC LIMIT 1
  [1m[36mUser Load (0.3ms)[0m  [1mSELECT "users".* FROM "users"[0m
  Rendered home/index.html.erb within layouts/application (6.3ms)
  Rendered layouts/_navigation_links.html.erb (3.7ms)
  Rendered layouts/_navigation.html.erb (5.4ms)
  Rendered layouts/_messages.html.erb (0.8ms)
Completed 200 OK in 186ms (Views: 184.5ms | ActiveRecord: 0.6ms)


Started GET "/users" for 127.0.0.1 at 2014-03-09 21:18:19 +0530
Processing by UsersController#index as HTML
  [1m[35mUser Load (0.4ms)[0m  SELECT  "users".* FROM "users"  WHERE "users"."id" = 1  ORDER BY "users"."id" ASC LIMIT 1
  [1m[36mUser Load (0.3ms)[0m  [1mSELECT "users".* FROM "users"[0m
  Rendered users/_user.html.erb (9.1ms)
  Rendered users/_user.html.erb (2.1ms)
  Rendered users/_user.html.erb (2.1ms)
  Rendered users/index.html.erb within layouts/application (19.4ms)
  Rendered layouts/_navigation_links.html.erb (1.4ms)
  Rendered layouts/_navigation.html.erb (3.7ms)
  Rendered layouts/_messages.html.erb (0.9ms)
Completed 200 OK in 43ms (Views: 38.3ms | ActiveRecord: 0.7ms)


Started GET "/" for 127.0.0.1 at 2014-03-09 21:18:23 +0530
Processing by HomeController#index as HTML
  [1m[35mUser Load (0.3ms)[0m  SELECT  "users".* FROM "users"  WHERE "users"."id" = 1  ORDER BY "users"."id" ASC LIMIT 1
  [1m[36mUser Load (0.3ms)[0m  [1mSELECT "users".* FROM "users"[0m
  Rendered home/index.html.erb within layouts/application (4.0ms)
  Rendered layouts/_navigation_links.html.erb (0.4ms)
  Rendered layouts/_navigation.html.erb (1.5ms)
  Rendered layouts/_messages.html.erb (0.1ms)
Completed 200 OK in 20ms (Views: 18.3ms | ActiveRecord: 0.6ms)


Started GET "/users" for 127.0.0.1 at 2014-03-09 21:22:43 +0530
Processing by UsersController#index as HTML
  [1m[35mUser Load (0.4ms)[0m  SELECT  "users".* FROM "users"  WHERE "users"."id" = 1  ORDER BY "users"."id" ASC LIMIT 1
  [1m[36mUser Load (0.3ms)[0m  [1mSELECT "users".* FROM "users"[0m
  Rendered users/_user.html.erb (2.2ms)
  Rendered users/_user.html.erb (1.8ms)
  Rendered users/_user.html.erb (2.0ms)
  Rendered users/index.html.erb within layouts/application (10.8ms)
  Rendered layouts/_navigation_links.html.erb (0.3ms)
  Rendered layouts/_navigation.html.erb (1.6ms)
  Rendered layouts/_messages.html.erb (0.1ms)
Completed 200 OK in 30ms (Views: 26.3ms | ActiveRecord: 0.7ms)


Started GET "/users" for 127.0.0.1 at 2014-03-09 21:28:36 +0530
Processing by UsersController#index as HTML
  [1m[35mUser Load (0.3ms)[0m  SELECT  "users".* FROM "users"  WHERE "users"."id" = 1  ORDER BY "users"."id" ASC LIMIT 1
  [1m[36mUser Load (0.3ms)[0m  [1mSELECT "users".* FROM "users"[0m
  Rendered users/_user.html.erb (3.1ms)
  Rendered users/_user.html.erb (2.0ms)
  Rendered users/_user.html.erb (1.7ms)
  Rendered users/index.html.erb within layouts/application (11.9ms)
  Rendered layouts/_navigation_links.html.erb (0.4ms)
  Rendered layouts/_navigation.html.erb (1.4ms)
  Rendered layouts/_messages.html.erb (0.1ms)
Completed 200 OK in 30ms (Views: 26.8ms | ActiveRecord: 0.6ms)


Started DELETE "/users/sign_out" for 127.0.0.1 at 2014-03-09 23:44:57 +0530
Processing by Devise::SessionsController#destroy as HTML
  Parameters: {"authenticity_token"=>"+ogtAyohHacTjo/fIfquovyrnLEhdCOTX1wbSXK5xno="}
  [1m[35mUser Load (0.4ms)[0m  SELECT  "users".* FROM "users"  WHERE "users"."id" = 1  ORDER BY "users"."id" ASC LIMIT 1
  [1m[36m (0.1ms)[0m  [1mbegin transaction[0m
  [1m[35m (0.1ms)[0m  commit transaction
Redirected to http://lvh.me:3000/
Completed 302 Found in 36ms (ActiveRecord: 0.5ms)


Started GET "/" for 127.0.0.1 at 2014-03-09 23:44:57 +0530
Processing by HomeController#index as HTML
  Rendered home/index.html.erb within layouts/application (1.1ms)
  Rendered layouts/_navigation_links.html.erb (0.5ms)
  Rendered layouts/_navigation.html.erb (1.8ms)
  Rendered layouts/_messages.html.erb (0.2ms)
Completed 200 OK in 18ms (Views: 16.8ms | ActiveRecord: 0.0ms)


Started GET "/users/sign_in" for 127.0.0.1 at 2014-03-09 23:45:04 +0530
Processing by Devise::SessionsController#new as HTML
  Rendered devise/sessions/new.html.erb within layouts/application (13.1ms)
  Rendered layouts/_navigation_links.html.erb (0.8ms)
  Rendered layouts/_navigation.html.erb (3.0ms)
  Rendered layouts/_messages.html.erb (0.2ms)
Completed 200 OK in 35ms (Views: 31.7ms | ActiveRecord: 0.0ms)


Started POST "/users/sign_in" for 127.0.0.1 at 2014-03-09 23:45:22 +0530
Processing by Devise::SessionsController#create as HTML
  Parameters: {"utf8"=>"✓", "authenticity_token"=>"gwASWUfkA/S6bYegV6z+kg8bCCZhzZ/1pcN82qIMB9A=", "user"=>{"email"=>"user@user.com", "password"=>"[FILTERED]", "remember_me"=>"0"}, "commit"=>"Log in"}
  [1m[36mUser Load (0.4ms)[0m  [1mSELECT  "users".* FROM "users"  WHERE "users"."email" = 'user@user.com'  ORDER BY "users"."id" ASC LIMIT 1[0m
Completed 401 Unauthorized in 97ms
Processing by Devise::SessionsController#new as HTML
  Parameters: {"utf8"=>"✓", "authenticity_token"=>"gwASWUfkA/S6bYegV6z+kg8bCCZhzZ/1pcN82qIMB9A=", "user"=>{"email"=>"user@user.com", "password"=>"[FILTERED]", "remember_me"=>"0"}, "commit"=>"Log in"}
  Rendered devise/sessions/new.html.erb within layouts/application (3.8ms)
  Rendered layouts/_navigation_links.html.erb (0.4ms)
  Rendered layouts/_navigation.html.erb (1.4ms)
  Rendered layouts/_messages.html.erb (0.2ms)
Completed 200 OK in 114ms (Views: 18.9ms | ActiveRecord: 0.0ms)


Started POST "/users/sign_in" for 127.0.0.1 at 2014-03-09 23:45:40 +0530
Processing by Devise::SessionsController#create as HTML
  Parameters: {"utf8"=>"✓", "authenticity_token"=>"gwASWUfkA/S6bYegV6z+kg8bCCZhzZ/1pcN82qIMB9A=", "user"=>{"email"=>"normaluser123@user.com", "password"=>"[FILTERED]", "remember_me"=>"0"}, "commit"=>"Log in"}
Completed 401 Unauthorized in 1ms
Processing by Devise::SessionsController#new as HTML
  Parameters: {"utf8"=>"✓", "authenticity_token"=>"gwASWUfkA/S6bYegV6z+kg8bCCZhzZ/1pcN82qIMB9A=", "user"=>{"email"=>"normaluser123@user.com", "password"=>"[FILTERED]", "remember_me"=>"0"}, "commit"=>"Log in"}
  Rendered devise/sessions/new.html.erb within layouts/application (4.2ms)
  Rendered layouts/_navigation_links.html.erb (0.4ms)
  Rendered layouts/_navigation.html.erb (1.5ms)
  Rendered layouts/_messages.html.erb (0.1ms)
Completed 200 OK in 22ms (Views: 20.2ms | ActiveRecord: 0.0ms)


Started POST "/users/sign_in" for 127.0.0.1 at 2014-03-09 23:45:55 +0530
Processing by Devise::SessionsController#create as HTML
  Parameters: {"utf8"=>"✓", "authenticity_token"=>"gwASWUfkA/S6bYegV6z+kg8bCCZhzZ/1pcN82qIMB9A=", "user"=>{"email"=>"normaluser123@user.com", "password"=>"[FILTERED]", "remember_me"=>"0"}, "commit"=>"Log in"}
  [1m[35mUser Load (0.3ms)[0m  SELECT  "users".* FROM "users"  WHERE "users"."email" = 'normaluser123@user.com'  ORDER BY "users"."id" ASC LIMIT 1
Completed 401 Unauthorized in 3ms
Processing by Devise::SessionsController#new as HTML
  Parameters: {"utf8"=>"✓", "authenticity_token"=>"gwASWUfkA/S6bYegV6z+kg8bCCZhzZ/1pcN82qIMB9A=", "user"=>{"email"=>"normaluser123@user.com", "password"=>"[FILTERED]", "remember_me"=>"0"}, "commit"=>"Log in"}
  Rendered devise/sessions/new.html.erb within layouts/application (3.4ms)
  Rendered layouts/_navigation_links.html.erb (0.4ms)
  Rendered layouts/_navigation.html.erb (1.7ms)
  Rendered layouts/_messages.html.erb (0.1ms)
Completed 200 OK in 114ms (Views: 18.2ms | ActiveRecord: 0.0ms)


Started GET "/users/sign_up" for 127.0.0.1 at 2014-03-09 23:46:04 +0530
Processing by RegistrationsController#new as HTML
  Rendered devise/registrations/new.html.erb within layouts/application (6.0ms)
  Rendered layouts/_navigation_links.html.erb (0.6ms)
  Rendered layouts/_navigation.html.erb (1.9ms)
  Rendered layouts/_messages.html.erb (0.2ms)
Completed 200 OK in 28ms (Views: 25.2ms | ActiveRecord: 0.0ms)


Started POST "/users" for 127.0.0.1 at 2014-03-09 23:46:24 +0530
Processing by RegistrationsController#create as HTML
  Parameters: {"utf8"=>"✓", "authenticity_token"=>"gwASWUfkA/S6bYegV6z+kg8bCCZhzZ/1pcN82qIMB9A=", "user"=>{"name"=>"usernormal123", "email"=>"normaluser123@abc.com", "password"=>"[FILTERED]", "password_confirmation"=>"[FILTERED]"}, "commit"=>"Sign up"}
  [1m[36m (0.1ms)[0m  [1mbegin transaction[0m
  [1m[35mUser Exists (0.3ms)[0m  SELECT  1 AS one FROM "users"  WHERE "users"."email" = 'normaluser123@abc.com' LIMIT 1
  [1m[36m (0.1ms)[0m  [1mrollback transaction[0m
  Rendered devise/registrations/new.html.erb within layouts/application (5.0ms)
  Rendered layouts/_navigation_links.html.erb (0.6ms)
  Rendered layouts/_navigation.html.erb (1.6ms)
  Rendered layouts/_messages.html.erb (0.1ms)
Completed 200 OK in 143ms (Views: 22.7ms | ActiveRecord: 0.5ms)


Started POST "/users" for 127.0.0.1 at 2014-03-09 23:46:33 +0530
Processing by RegistrationsController#create as HTML
  Parameters: {"utf8"=>"✓", "authenticity_token"=>"gwASWUfkA/S6bYegV6z+kg8bCCZhzZ/1pcN82qIMB9A=", "user"=>{"name"=>"usernormal123", "email"=>"normaluser123@abc.com", "password"=>"[FILTERED]", "password_confirmation"=>"[FILTERED]"}, "commit"=>"Sign up"}
  [1m[35m (0.1ms)[0m  begin transaction
  [1m[36mUser Exists (0.2ms)[0m  [1mSELECT  1 AS one FROM "users"  WHERE "users"."email" = 'normaluser123@abc.com' LIMIT 1[0m
Binary data inserted for `string` type on column `encrypted_password`
  [1m[35mSQL (0.4ms)[0m  INSERT INTO "users" ("created_at", "email", "encrypted_password", "name", "role", "updated_at") VALUES (?, ?, ?, ?, ?, ?)  [["created_at", "2014-03-09 18:16:34.075999"], ["email", "normaluser123@abc.com"], ["encrypted_password", "$2a$10$1PxXNm7hErZdz9NZA2DVF.vgoEnuHvF4yPwpePHJJVeQ60qA6s9ua"], ["name", "usernormal123"], ["role", 0], ["updated_at", "2014-03-09 18:16:34.075999"]]
  [1m[36m (213.3ms)[0m  [1mcommit transaction[0m
  [1m[35m (0.1ms)[0m  begin transaction
Binary data inserted for `string` type on column `current_sign_in_ip`
Binary data inserted for `string` type on column `last_sign_in_ip`
  [1m[36mSQL (0.3ms)[0m  [1mUPDATE "users" SET "current_sign_in_at" = ?, "current_sign_in_ip" = ?, "last_sign_in_at" = ?, "last_sign_in_ip" = ?, "sign_in_count" = ?, "updated_at" = ? WHERE "users"."id" = 4[0m  [["current_sign_in_at", "2014-03-09 18:16:34.293028"], ["current_sign_in_ip", "127.0.0.1"], ["last_sign_in_at", "2014-03-09 18:16:34.293028"], ["last_sign_in_ip", "127.0.0.1"], ["sign_in_count", 1], ["updated_at", "2014-03-09 18:16:34.294302"]]
  [1m[35m (183.8ms)[0m  commit transaction
Redirected to http://lvh.me:3000/
Completed 302 Found in 506ms (ActiveRecord: 398.2ms)


Started GET "/" for 127.0.0.1 at 2014-03-09 23:46:34 +0530
Processing by HomeController#index as HTML
  [1m[36mUser Load (0.3ms)[0m  [1mSELECT  "users".* FROM "users"  WHERE "users"."id" = 4  ORDER BY "users"."id" ASC LIMIT 1[0m
  Rendered home/index.html.erb within layouts/application (1.9ms)
  Rendered layouts/_navigation_links.html.erb (0.4ms)
  Rendered layouts/_navigation.html.erb (1.7ms)
  Rendered layouts/_messages.html.erb (0.2ms)
Completed 200 OK in 18ms (Views: 17.1ms | ActiveRecord: 0.3ms)


Started DELETE "/users/sign_out" for 127.0.0.1 at 2014-03-09 23:50:06 +0530
Processing by Devise::SessionsController#destroy as HTML
  Parameters: {"authenticity_token"=>"gwASWUfkA/S6bYegV6z+kg8bCCZhzZ/1pcN82qIMB9A="}
  [1m[35mUser Load (0.3ms)[0m  SELECT  "users".* FROM "users"  WHERE "users"."id" = 4  ORDER BY "users"."id" ASC LIMIT 1
  [1m[36m (0.2ms)[0m  [1mbegin transaction[0m
  [1m[35m (0.1ms)[0m  commit transaction
Redirected to http://lvh.me:3000/
Completed 302 Found in 9ms (ActiveRecord: 0.5ms)


Started GET "/" for 127.0.0.1 at 2014-03-09 23:50:06 +0530
Processing by HomeController#index as HTML
  Rendered home/index.html.erb within layouts/application (0.4ms)
  Rendered layouts/_navigation_links.html.erb (0.5ms)
  Rendered layouts/_navigation.html.erb (1.9ms)
  Rendered layouts/_messages.html.erb (0.2ms)
Completed 200 OK in 17ms (Views: 16.3ms | ActiveRecord: 0.0ms)


Started GET "/users/sign_in" for 127.0.0.1 at 2014-03-09 23:50:09 +0530
Processing by Devise::SessionsController#new as HTML
  Rendered devise/sessions/new.html.erb within layouts/application (4.2ms)
  Rendered layouts/_navigation_links.html.erb (0.6ms)
  Rendered layouts/_navigation.html.erb (1.7ms)
  Rendered layouts/_messages.html.erb (0.1ms)
Completed 200 OK in 22ms (Views: 20.5ms | ActiveRecord: 0.0ms)


Started POST "/users/sign_in" for 127.0.0.1 at 2014-03-09 23:50:31 +0530
Processing by Devise::SessionsController#create as HTML
  Parameters: {"utf8"=>"✓", "authenticity_token"=>"0bgw4cO2wYHl8sRytOsgLfn85Fw6GJIvFe2UQCcY81Y=", "user"=>{"email"=>"normaluser123@abc.com", "password"=>"[FILTERED]", "remember_me"=>"0"}, "commit"=>"Log in"}
  [1m[36mUser Load (1.4ms)[0m  [1mSELECT  "users".* FROM "users"  WHERE "users"."email" = 'normaluser123@abc.com'  ORDER BY "users"."id" ASC LIMIT 1[0m
  [1m[35m (0.1ms)[0m  begin transaction
  [1m[36mSQL (0.3ms)[0m  [1mUPDATE "users" SET "current_sign_in_at" = ?, "sign_in_count" = ?, "updated_at" = ? WHERE "users"."id" = 4[0m  [["current_sign_in_at", "2014-03-09 18:20:31.215374"], ["sign_in_count", 2], ["updated_at", "2014-03-09 18:20:31.216213"]]
  [1m[35m (242.7ms)[0m  commit transaction
Redirected to http://lvh.me:3000/
Completed 302 Found in 362ms (ActiveRecord: 244.5ms)


Started GET "/" for 127.0.0.1 at 2014-03-09 23:50:31 +0530
Processing by HomeController#index as HTML
  [1m[36mUser Load (0.3ms)[0m  [1mSELECT  "users".* FROM "users"  WHERE "users"."id" = 4  ORDER BY "users"."id" ASC LIMIT 1[0m
  Rendered home/index.html.erb within layouts/application (1.6ms)
  Rendered layouts/_navigation_links.html.erb (0.4ms)
  Rendered layouts/_navigation.html.erb (1.6ms)
  Rendered layouts/_messages.html.erb (0.2ms)
Completed 200 OK in 19ms (Views: 17.8ms | ActiveRecord: 0.3ms)


Started GET "/users" for 127.0.0.1 at 2014-03-09 23:50:39 +0530
Processing by UsersController#index as HTML
  [1m[35mUser Load (0.3ms)[0m  SELECT  "users".* FROM "users"  WHERE "users"."id" = 4  ORDER BY "users"."id" ASC LIMIT 1
Redirected to http://lvh.me:3000/
Completed 302 Found in 4ms (ActiveRecord: 0.3ms)


Started GET "/" for 127.0.0.1 at 2014-03-09 23:50:40 +0530
Processing by HomeController#index as HTML
  [1m[36mUser Load (0.3ms)[0m  [1mSELECT  "users".* FROM "users"  WHERE "users"."id" = 4  ORDER BY "users"."id" ASC LIMIT 1[0m
  Rendered home/index.html.erb within layouts/application (2.4ms)
  Rendered layouts/_navigation_links.html.erb (0.4ms)
  Rendered layouts/_navigation.html.erb (1.7ms)
  Rendered layouts/_messages.html.erb (0.2ms)
Completed 200 OK in 20ms (Views: 18.5ms | ActiveRecord: 0.3ms)


Started DELETE "/users/sign_out" for 127.0.0.1 at 2014-03-09 23:58:30 +0530
Processing by Devise::SessionsController#destroy as HTML
  Parameters: {"authenticity_token"=>"f3bl5q0zuEkfTYxiF0ZN/hEE7THxFu7sX8E7ztJRhiA="}
  [1m[35mUser Load (0.3ms)[0m  SELECT  "users".* FROM "users"  WHERE "users"."id" = 4  ORDER BY "users"."id" ASC LIMIT 1
  [1m[36m (0.1ms)[0m  [1mbegin transaction[0m
  [1m[35m (0.1ms)[0m  commit transaction
Redirected to http://lvh.me:3000/
Completed 302 Found in 9ms (ActiveRecord: 0.5ms)


Started GET "/" for 127.0.0.1 at 2014-03-09 23:58:30 +0530
Processing by HomeController#index as HTML
  Rendered home/index.html.erb within layouts/application (0.6ms)
  Rendered layouts/_navigation_links.html.erb (0.4ms)
  Rendered layouts/_navigation.html.erb (1.6ms)
  Rendered layouts/_messages.html.erb (0.2ms)
Completed 200 OK in 18ms (Views: 17.2ms | ActiveRecord: 0.0ms)


Started GET "/users/sign_in" for 127.0.0.1 at 2014-03-10 00:18:49 +0530
Processing by Devise::SessionsController#new as HTML
  Rendered devise/sessions/new.html.erb within layouts/application (5.0ms)
  Rendered layouts/_navigation_links.html.erb (0.5ms)
  Rendered layouts/_navigation.html.erb (1.7ms)
  Rendered layouts/_messages.html.erb (0.1ms)
Completed 200 OK in 25ms (Views: 22.0ms | ActiveRecord: 0.0ms)


Started POST "/users/sign_in" for 127.0.0.1 at 2014-03-10 00:19:03 +0530
Processing by Devise::SessionsController#create as HTML
  Parameters: {"utf8"=>"✓", "authenticity_token"=>"MyLZNsmu5VaJwQLII6X8Cu8iGOLFwGZ/LP4T7+qD4v4=", "user"=>{"email"=>"user@example.com", "password"=>"[FILTERED]", "remember_me"=>"0"}, "commit"=>"Log in"}
  [1m[36mUser Load (0.3ms)[0m  [1mSELECT  "users".* FROM "users"  WHERE "users"."email" = 'user@example.com'  ORDER BY "users"."id" ASC LIMIT 1[0m
  [1m[35m (0.1ms)[0m  begin transaction
  [1m[36mSQL (0.2ms)[0m  [1mUPDATE "users" SET "current_sign_in_at" = ?, "last_sign_in_at" = ?, "sign_in_count" = ?, "updated_at" = ? WHERE "users"."id" = 1[0m  [["current_sign_in_at", "2014-03-09 18:49:03.320394"], ["last_sign_in_at", "2014-03-09 15:46:27.642324"], ["sign_in_count", 4], ["updated_at", "2014-03-09 18:49:03.321204"]]
  [1m[35m (241.4ms)[0m  commit transaction
Redirected to http://lvh.me:3000/
Completed 302 Found in 352ms (ActiveRecord: 242.1ms)


Started GET "/" for 127.0.0.1 at 2014-03-10 00:19:03 +0530
Processing by HomeController#index as HTML
  [1m[36mUser Load (0.3ms)[0m  [1mSELECT  "users".* FROM "users"  WHERE "users"."id" = 1  ORDER BY "users"."id" ASC LIMIT 1[0m
  [1m[35mUser Load (0.3ms)[0m  SELECT "users".* FROM "users"
  Rendered home/index.html.erb within layouts/application (24.4ms)
  Rendered layouts/_navigation_links.html.erb (0.4ms)
  Rendered layouts/_navigation.html.erb (1.4ms)
  Rendered layouts/_messages.html.erb (0.2ms)
Completed 200 OK in 40ms (Views: 38.6ms | ActiveRecord: 0.6ms)


Started GET "/" for 127.0.0.1 at 2014-03-10 00:29:50 +0530

RuntimeError - You should not use the `match` method in your router without specifying an HTTP method.
If you want to expose your action to both GET and POST, add `via: [:get, :post]` option.
If you want to expose your action to GET, use `get` in the router:
  Instead of: match "controller#action"
  Do: get "controller#action":
  actionpack (4.1.0.rc1) lib/action_dispatch/routing/mapper.rb:196:in `normalize_conditions!'
  actionpack (4.1.0.rc1) lib/action_dispatch/routing/mapper.rb:68:in `initialize'
  actionpack (4.1.0.rc1) lib/action_dispatch/routing/mapper.rb:1460:in `new'
  actionpack (4.1.0.rc1) lib/action_dispatch/routing/mapper.rb:1460:in `add_route'
  actionpack (4.1.0.rc1) lib/action_dispatch/routing/mapper.rb:1439:in `decomposed_match'
  actionpack (4.1.0.rc1) lib/action_dispatch/routing/mapper.rb:1420:in `block in match'
  actionpack (4.1.0.rc1) lib/action_dispatch/routing/mapper.rb:1410:in `each'
  actionpack (4.1.0.rc1) lib/action_dispatch/routing/mapper.rb:1410:in `match'
   () home/geek/workspace/with_tests/rails-devise-pundit/config/routes.rb:5:in `block in <top (required)>'
  actionpack (4.1.0.rc1) lib/action_dispatch/routing/route_set.rb:335:in `instance_exec'
  actionpack (4.1.0.rc1) lib/action_dispatch/routing/route_set.rb:335:in `eval_block'
  actionpack (4.1.0.rc1) lib/action_dispatch/routing/route_set.rb:313:in `draw'
   () home/geek/workspace/with_tests/rails-devise-pundit/config/routes.rb:1:in `<top (required)>'
  activesupport (4.1.0.rc1) lib/active_support/dependencies.rb:241:in `load'
  activesupport (4.1.0.rc1) lib/active_support/dependencies.rb:241:in `block in load'
  activesupport (4.1.0.rc1) lib/active_support/dependencies.rb:232:in `load_dependency'
  activesupport (4.1.0.rc1) lib/active_support/dependencies.rb:241:in `load'
  railties (4.1.0.rc1) lib/rails/application/routes_reloader.rb:40:in `block in load_paths'
  railties (4.1.0.rc1) lib/rails/application/routes_reloader.rb:40:in `each'
  railties (4.1.0.rc1) lib/rails/application/routes_reloader.rb:40:in `load_paths'
  railties (4.1.0.rc1) lib/rails/application/routes_reloader.rb:16:in `reload!'
  railties (4.1.0.rc1) lib/rails/application/routes_reloader.rb:26:in `block in updater'
  activesupport (4.1.0.rc1) lib/active_support/file_update_checker.rb:75:in `call'
  activesupport (4.1.0.rc1) lib/active_support/file_update_checker.rb:75:in `execute'
  railties (4.1.0.rc1) lib/rails/application/routes_reloader.rb:7:in `execute'
  railties (4.1.0.rc1) lib/rails/application/finisher.rb:83:in `block (2 levels) in <module:Finisher>'
  activesupport (4.1.0.rc1) lib/active_support/callbacks.rb:438:in `instance_exec'
  activesupport (4.1.0.rc1) lib/active_support/callbacks.rb:438:in `block in make_lambda'
  activesupport (4.1.0.rc1) lib/active_support/callbacks.rb:184:in `call'
  activesupport (4.1.0.rc1) lib/active_support/callbacks.rb:184:in `block in simple'
  activesupport (4.1.0.rc1) lib/active_support/callbacks.rb:185:in `call'
  activesupport (4.1.0.rc1) lib/active_support/callbacks.rb:185:in `block in simple'
  activesupport (4.1.0.rc1) lib/active_support/callbacks.rb:185:in `call'
  activesupport (4.1.0.rc1) lib/active_support/callbacks.rb:185:in `block in simple'
  activesupport (4.1.0.rc1) lib/active_support/callbacks.rb:185:in `call'
  activesupport (4.1.0.rc1) lib/active_support/callbacks.rb:185:in `block in simple'
  activesupport (4.1.0.rc1) lib/active_support/callbacks.rb:86:in `call'
  activesupport (4.1.0.rc1) lib/active_support/callbacks.rb:86:in `run_callbacks'
  actionpack (4.1.0.rc1) lib/action_dispatch/middleware/reloader.rb:83:in `prepare!'
  actionpack (4.1.0.rc1) lib/action_dispatch/middleware/reloader.rb:71:in `call'
  actionpack (4.1.0.rc1) lib/action_dispatch/middleware/remote_ip.rb:76:in `call'
  better_errors (1.1.0) lib/better_errors/middleware.rb:84:in `protected_app_call'
  better_errors (1.1.0) lib/better_errors/middleware.rb:79:in `better_errors_call'
  better_errors (1.1.0) lib/better_errors/middleware.rb:56:in `call'
  actionpack (4.1.0.rc1) lib/action_dispatch/middleware/debug_exceptions.rb:17:in `call'
  actionpack (4.1.0.rc1) lib/action_dispatch/middleware/show_exceptions.rb:30:in `call'
  railties (4.1.0.rc1) lib/rails/rack/logger.rb:38:in `call_app'
  railties (4.1.0.rc1) lib/rails/rack/logger.rb:20:in `block in call'
  activesupport (4.1.0.rc1) lib/active_support/tagged_logging.rb:68:in `block in tagged'
  activesupport (4.1.0.rc1) lib/active_support/tagged_logging.rb:26:in `tagged'
  activesupport (4.1.0.rc1) lib/active_support/tagged_logging.rb:68:in `tagged'
  railties (4.1.0.rc1) lib/rails/rack/logger.rb:20:in `call'
  quiet_assets (1.0.2) lib/quiet_assets.rb:18:in `call_with_quiet_assets'
  actionpack (4.1.0.rc1) lib/action_dispatch/middleware/request_id.rb:21:in `call'
  rack (1.5.2) lib/rack/methodoverride.rb:21:in `call'
  rack (1.5.2) lib/rack/runtime.rb:17:in `call'
  activesupport (4.1.0.rc1) lib/active_support/cache/strategy/local_cache.rb:87:in `call'
  rack (1.5.2) lib/rack/lock.rb:17:in `call'
  actionpack (4.1.0.rc1) lib/action_dispatch/middleware/static.rb:64:in `call'
  rack (1.5.2) lib/rack/sendfile.rb:112:in `call'
  railties (4.1.0.rc1) lib/rails/engine.rb:515:in `call'
  railties (4.1.0.rc1) lib/rails/application.rb:142:in `call'
  rack (1.5.2) lib/rack/lock.rb:17:in `call'
  rack (1.5.2) lib/rack/content_length.rb:14:in `call'
  rack (1.5.2) lib/rack/handler/webrick.rb:60:in `service'
   () home/geek/.rvm/rubies/ruby-2.1.0/lib/ruby/2.1.0/webrick/httpserver.rb:138:in `service'
   () home/geek/.rvm/rubies/ruby-2.1.0/lib/ruby/2.1.0/webrick/httpserver.rb:94:in `run'
   () home/geek/.rvm/rubies/ruby-2.1.0/lib/ruby/2.1.0/webrick/server.rb:295:in `block in start_thread'



Started POST "/__better_errors/18913380/variables" for 127.0.0.1 at 2014-03-10 00:29:50 +0530


Started GET "/" for 127.0.0.1 at 2014-03-10 00:31:12 +0530
Processing by HomeController#index as HTML
  [1m[36mUser Load (0.2ms)[0m  [1mSELECT  "users".* FROM "users"  WHERE "users"."id" = 1  ORDER BY "users"."id" ASC LIMIT 1[0m
  [1m[35mUser Load (0.3ms)[0m  SELECT "users".* FROM "users"
  Rendered home/index.html.erb within layouts/application (17.2ms)
  Rendered layouts/_navigation_links.html.erb (0.4ms)
  Rendered layouts/_navigation.html.erb (1.4ms)
  Rendered layouts/_messages.html.erb (0.1ms)
Completed 200 OK in 33ms (Views: 30.4ms | ActiveRecord: 1.3ms)


Started GET "/download" for 127.0.0.1 at 2014-03-10 00:31:16 +0530
Processing by HomeController#download as HTML
Sent file /public/images/destination.jpg (0.3ms)
Completed 500 Internal Server Error in 1ms

ActionController::MissingFile - Cannot read file /public/images/destination.jpg:
  actionpack (4.1.0.rc1) lib/action_controller/metal/data_streaming.rb:68:in `send_file'
  actionpack (4.1.0.rc1) lib/action_controller/metal/instrumentation.rb:49:in `block in send_file'
  activesupport (4.1.0.rc1) lib/active_support/notifications.rb:159:in `block in instrument'
  activesupport (4.1.0.rc1) lib/active_support/notifications/instrumenter.rb:20:in `instrument'
  activesupport (4.1.0.rc1) lib/active_support/notifications.rb:159:in `instrument'
  actionpack (4.1.0.rc1) lib/action_controller/metal/instrumentation.rb:47:in `send_file'
   () home/geek/workspace/with_tests/rails-devise-pundit/app/controllers/home_controller.rb:7:in `download'
  actionpack (4.1.0.rc1) lib/action_controller/metal/implicit_render.rb:4:in `send_action'
  actionpack (4.1.0.rc1) lib/abstract_controller/base.rb:189:in `process_action'
  actionpack (4.1.0.rc1) lib/action_controller/metal/rendering.rb:10:in `process_action'
  actionpack (4.1.0.rc1) lib/abstract_controller/callbacks.rb:20:in `block in process_action'
  activesupport (4.1.0.rc1) lib/active_support/callbacks.rb:113:in `call'
  activesupport (4.1.0.rc1) lib/active_support/callbacks.rb:113:in `call'
  activesupport (4.1.0.rc1) lib/active_support/callbacks.rb:229:in `block in halting'
  activesupport (4.1.0.rc1) lib/active_support/callbacks.rb:229:in `call'
  activesupport (4.1.0.rc1) lib/active_support/callbacks.rb:229:in `block in halting'
  activesupport (4.1.0.rc1) lib/active_support/callbacks.rb:166:in `call'
  activesupport (4.1.0.rc1) lib/active_support/callbacks.rb:166:in `block in halting'
  activesupport (4.1.0.rc1) lib/active_support/callbacks.rb:166:in `call'
  activesupport (4.1.0.rc1) lib/active_support/callbacks.rb:166:in `block in halting'
  activesupport (4.1.0.rc1) lib/active_support/callbacks.rb:166:in `call'
  activesupport (4.1.0.rc1) lib/active_support/callbacks.rb:166:in `block in halting'
  activesupport (4.1.0.rc1) lib/active_support/callbacks.rb:86:in `call'
  activesupport (4.1.0.rc1) lib/active_support/callbacks.rb:86:in `run_callbacks'
  actionpack (4.1.0.rc1) lib/abstract_controller/callbacks.rb:19:in `process_action'
  actionpack (4.1.0.rc1) lib/action_controller/metal/rescue.rb:29:in `process_action'
  actionpack (4.1.0.rc1) lib/action_controller/metal/instrumentation.rb:31:in `block in process_action'
  activesupport (4.1.0.rc1) lib/active_support/notifications.rb:159:in `block in instrument'
  activesupport (4.1.0.rc1) lib/active_support/notifications/instrumenter.rb:20:in `instrument'
  activesupport (4.1.0.rc1) lib/active_support/notifications.rb:159:in `instrument'
  actionpack (4.1.0.rc1) lib/action_controller/metal/instrumentation.rb:30:in `process_action'
  actionpack (4.1.0.rc1) lib/action_controller/metal/params_wrapper.rb:250:in `process_action'
  activerecord (4.1.0.rc1) lib/active_record/railties/controller_runtime.rb:18:in `process_action'
  actionpack (4.1.0.rc1) lib/abstract_controller/base.rb:136:in `process'
  actionview (4.1.0.rc1) lib/action_view/rendering.rb:30:in `process'
  actionpack (4.1.0.rc1) lib/action_controller/metal.rb:195:in `dispatch'
  actionpack (4.1.0.rc1) lib/action_controller/metal/rack_delegation.rb:13:in `dispatch'
  actionpack (4.1.0.rc1) lib/action_controller/metal.rb:231:in `block in action'
  actionpack (4.1.0.rc1) lib/action_dispatch/routing/route_set.rb:80:in `call'
  actionpack (4.1.0.rc1) lib/action_dispatch/routing/route_set.rb:80:in `dispatch'
  actionpack (4.1.0.rc1) lib/action_dispatch/routing/route_set.rb:48:in `call'
  actionpack (4.1.0.rc1) lib/action_dispatch/journey/router.rb:71:in `block in call'
  actionpack (4.1.0.rc1) lib/action_dispatch/journey/router.rb:59:in `each'
  actionpack (4.1.0.rc1) lib/action_dispatch/journey/router.rb:59:in `call'
  actionpack (4.1.0.rc1) lib/action_dispatch/routing/route_set.rb:676:in `call'
  warden (1.2.3) lib/warden/manager.rb:35:in `block in call'
  warden (1.2.3) lib/warden/manager.rb:34:in `catch'
  warden (1.2.3) lib/warden/manager.rb:34:in `call'
  rack (1.5.2) lib/rack/etag.rb:23:in `call'
  rack (1.5.2) lib/rack/conditionalget.rb:25:in `call'
  rack (1.5.2) lib/rack/head.rb:11:in `call'
  actionpack (4.1.0.rc1) lib/action_dispatch/middleware/params_parser.rb:27:in `call'
  actionpack (4.1.0.rc1) lib/action_dispatch/middleware/flash.rb:254:in `call'
  rack (1.5.2) lib/rack/session/abstract/id.rb:225:in `context'
  rack (1.5.2) lib/rack/session/abstract/id.rb:220:in `call'
  actionpack (4.1.0.rc1) lib/action_dispatch/middleware/cookies.rb:551:in `call'
  activerecord (4.1.0.rc1) lib/active_record/query_cache.rb:36:in `call'
  activerecord (4.1.0.rc1) lib/active_record/connection_adapters/abstract/connection_pool.rb:621:in `call'
  activerecord (4.1.0.rc1) lib/active_record/migration.rb:380:in `call'
  actionpack (4.1.0.rc1) lib/action_dispatch/middleware/callbacks.rb:29:in `block in call'
  activesupport (4.1.0.rc1) lib/active_support/callbacks.rb:82:in `run_callbacks'
  actionpack (4.1.0.rc1) lib/action_dispatch/middleware/callbacks.rb:27:in `call'
  actionpack (4.1.0.rc1) lib/action_dispatch/middleware/reloader.rb:73:in `call'
  actionpack (4.1.0.rc1) lib/action_dispatch/middleware/remote_ip.rb:76:in `call'
  better_errors (1.1.0) lib/better_errors/middleware.rb:84:in `protected_app_call'
  better_errors (1.1.0) lib/better_errors/middleware.rb:79:in `better_errors_call'
  better_errors (1.1.0) lib/better_errors/middleware.rb:56:in `call'
  actionpack (4.1.0.rc1) lib/action_dispatch/middleware/debug_exceptions.rb:17:in `call'
  actionpack (4.1.0.rc1) lib/action_dispatch/middleware/show_exceptions.rb:30:in `call'
  railties (4.1.0.rc1) lib/rails/rack/logger.rb:38:in `call_app'
  railties (4.1.0.rc1) lib/rails/rack/logger.rb:20:in `block in call'
  activesupport (4.1.0.rc1) lib/active_support/tagged_logging.rb:68:in `block in tagged'
  activesupport (4.1.0.rc1) lib/active_support/tagged_logging.rb:26:in `tagged'
  activesupport (4.1.0.rc1) lib/active_support/tagged_logging.rb:68:in `tagged'
  railties (4.1.0.rc1) lib/rails/rack/logger.rb:20:in `call'
  quiet_assets (1.0.2) lib/quiet_assets.rb:18:in `call_with_quiet_assets'
  actionpack (4.1.0.rc1) lib/action_dispatch/middleware/request_id.rb:21:in `call'
  rack (1.5.2) lib/rack/methodoverride.rb:21:in `call'
  rack (1.5.2) lib/rack/runtime.rb:17:in `call'
  activesupport (4.1.0.rc1) lib/active_support/cache/strategy/local_cache.rb:87:in `call'
  rack (1.5.2) lib/rack/lock.rb:17:in `call'
  actionpack (4.1.0.rc1) lib/action_dispatch/middleware/static.rb:64:in `call'
  rack (1.5.2) lib/rack/sendfile.rb:112:in `call'
  railties (4.1.0.rc1) lib/rails/engine.rb:515:in `call'
  railties (4.1.0.rc1) lib/rails/application.rb:142:in `call'
  rack (1.5.2) lib/rack/lock.rb:17:in `call'
  rack (1.5.2) lib/rack/content_length.rb:14:in `call'
  rack (1.5.2) lib/rack/handler/webrick.rb:60:in `service'
   () home/geek/.rvm/rubies/ruby-2.1.0/lib/ruby/2.1.0/webrick/httpserver.rb:138:in `service'
   () home/geek/.rvm/rubies/ruby-2.1.0/lib/ruby/2.1.0/webrick/httpserver.rb:94:in `run'
   () home/geek/.rvm/rubies/ruby-2.1.0/lib/ruby/2.1.0/webrick/server.rb:295:in `block in start_thread'



Started GET "/download" for 127.0.0.1 at 2014-03-10 00:31:16 +0530
Processing by HomeController#download as HTML
Sent file /public/images/destination.jpg (0.3ms)
Completed 500 Internal Server Error in 1ms

ActionController::MissingFile - Cannot read file /public/images/destination.jpg:
  actionpack (4.1.0.rc1) lib/action_controller/metal/data_streaming.rb:68:in `send_file'
  actionpack (4.1.0.rc1) lib/action_controller/metal/instrumentation.rb:49:in `block in send_file'
  activesupport (4.1.0.rc1) lib/active_support/notifications.rb:159:in `block in instrument'
  activesupport (4.1.0.rc1) lib/active_support/notifications/instrumenter.rb:20:in `instrument'
  activesupport (4.1.0.rc1) lib/active_support/notifications.rb:159:in `instrument'
  actionpack (4.1.0.rc1) lib/action_controller/metal/instrumentation.rb:47:in `send_file'
   () home/geek/workspace/with_tests/rails-devise-pundit/app/controllers/home_controller.rb:7:in `download'
  actionpack (4.1.0.rc1) lib/action_controller/metal/implicit_render.rb:4:in `send_action'
  actionpack (4.1.0.rc1) lib/abstract_controller/base.rb:189:in `process_action'
  actionpack (4.1.0.rc1) lib/action_controller/metal/rendering.rb:10:in `process_action'
  actionpack (4.1.0.rc1) lib/abstract_controller/callbacks.rb:20:in `block in process_action'
  activesupport (4.1.0.rc1) lib/active_support/callbacks.rb:113:in `call'
  activesupport (4.1.0.rc1) lib/active_support/callbacks.rb:113:in `call'
  activesupport (4.1.0.rc1) lib/active_support/callbacks.rb:229:in `block in halting'
  activesupport (4.1.0.rc1) lib/active_support/callbacks.rb:229:in `call'
  activesupport (4.1.0.rc1) lib/active_support/callbacks.rb:229:in `block in halting'
  activesupport (4.1.0.rc1) lib/active_support/callbacks.rb:166:in `call'
  activesupport (4.1.0.rc1) lib/active_support/callbacks.rb:166:in `block in halting'
  activesupport (4.1.0.rc1) lib/active_support/callbacks.rb:166:in `call'
  activesupport (4.1.0.rc1) lib/active_support/callbacks.rb:166:in `block in halting'
  activesupport (4.1.0.rc1) lib/active_support/callbacks.rb:166:in `call'
  activesupport (4.1.0.rc1) lib/active_support/callbacks.rb:166:in `block in halting'
  activesupport (4.1.0.rc1) lib/active_support/callbacks.rb:86:in `call'
  activesupport (4.1.0.rc1) lib/active_support/callbacks.rb:86:in `run_callbacks'
  actionpack (4.1.0.rc1) lib/abstract_controller/callbacks.rb:19:in `process_action'
  actionpack (4.1.0.rc1) lib/action_controller/metal/rescue.rb:29:in `process_action'
  actionpack (4.1.0.rc1) lib/action_controller/metal/instrumentation.rb:31:in `block in process_action'
  activesupport (4.1.0.rc1) lib/active_support/notifications.rb:159:in `block in instrument'
  activesupport (4.1.0.rc1) lib/active_support/notifications/instrumenter.rb:20:in `instrument'
  activesupport (4.1.0.rc1) lib/active_support/notifications.rb:159:in `instrument'
  actionpack (4.1.0.rc1) lib/action_controller/metal/instrumentation.rb:30:in `process_action'
  actionpack (4.1.0.rc1) lib/action_controller/metal/params_wrapper.rb:250:in `process_action'
  activerecord (4.1.0.rc1) lib/active_record/railties/controller_runtime.rb:18:in `process_action'
  actionpack (4.1.0.rc1) lib/abstract_controller/base.rb:136:in `process'
  actionview (4.1.0.rc1) lib/action_view/rendering.rb:30:in `process'
  actionpack (4.1.0.rc1) lib/action_controller/metal.rb:195:in `dispatch'
  actionpack (4.1.0.rc1) lib/action_controller/metal/rack_delegation.rb:13:in `dispatch'
  actionpack (4.1.0.rc1) lib/action_controller/metal.rb:231:in `block in action'
  actionpack (4.1.0.rc1) lib/action_dispatch/routing/route_set.rb:80:in `call'
  actionpack (4.1.0.rc1) lib/action_dispatch/routing/route_set.rb:80:in `dispatch'
  actionpack (4.1.0.rc1) lib/action_dispatch/routing/route_set.rb:48:in `call'
  actionpack (4.1.0.rc1) lib/action_dispatch/journey/router.rb:71:in `block in call'
  actionpack (4.1.0.rc1) lib/action_dispatch/journey/router.rb:59:in `each'
  actionpack (4.1.0.rc1) lib/action_dispatch/journey/router.rb:59:in `call'
  actionpack (4.1.0.rc1) lib/action_dispatch/routing/route_set.rb:676:in `call'
  warden (1.2.3) lib/warden/manager.rb:35:in `block in call'
  warden (1.2.3) lib/warden/manager.rb:34:in `catch'
  warden (1.2.3) lib/warden/manager.rb:34:in `call'
  rack (1.5.2) lib/rack/etag.rb:23:in `call'
  rack (1.5.2) lib/rack/conditionalget.rb:25:in `call'
  rack (1.5.2) lib/rack/head.rb:11:in `call'
  actionpack (4.1.0.rc1) lib/action_dispatch/middleware/params_parser.rb:27:in `call'
  actionpack (4.1.0.rc1) lib/action_dispatch/middleware/flash.rb:254:in `call'
  rack (1.5.2) lib/rack/session/abstract/id.rb:225:in `context'
  rack (1.5.2) lib/rack/session/abstract/id.rb:220:in `call'
  actionpack (4.1.0.rc1) lib/action_dispatch/middleware/cookies.rb:551:in `call'
  activerecord (4.1.0.rc1) lib/active_record/query_cache.rb:36:in `call'
  activerecord (4.1.0.rc1) lib/active_record/connection_adapters/abstract/connection_pool.rb:621:in `call'
  activerecord (4.1.0.rc1) lib/active_record/migration.rb:380:in `call'
  actionpack (4.1.0.rc1) lib/action_dispatch/middleware/callbacks.rb:29:in `block in call'
  activesupport (4.1.0.rc1) lib/active_support/callbacks.rb:82:in `run_callbacks'
  actionpack (4.1.0.rc1) lib/action_dispatch/middleware/callbacks.rb:27:in `call'
  actionpack (4.1.0.rc1) lib/action_dispatch/middleware/reloader.rb:73:in `call'
  actionpack (4.1.0.rc1) lib/action_dispatch/middleware/remote_ip.rb:76:in `call'
  better_errors (1.1.0) lib/better_errors/middleware.rb:84:in `protected_app_call'
  better_errors (1.1.0) lib/better_errors/middleware.rb:79:in `better_errors_call'
  better_errors (1.1.0) lib/better_errors/middleware.rb:56:in `call'
  actionpack (4.1.0.rc1) lib/action_dispatch/middleware/debug_exceptions.rb:17:in `call'
  actionpack (4.1.0.rc1) lib/action_dispatch/middleware/show_exceptions.rb:30:in `call'
  railties (4.1.0.rc1) lib/rails/rack/logger.rb:38:in `call_app'
  railties (4.1.0.rc1) lib/rails/rack/logger.rb:20:in `block in call'
  activesupport (4.1.0.rc1) lib/active_support/tagged_logging.rb:68:in `block in tagged'
  activesupport (4.1.0.rc1) lib/active_support/tagged_logging.rb:26:in `tagged'
  activesupport (4.1.0.rc1) lib/active_support/tagged_logging.rb:68:in `tagged'
  railties (4.1.0.rc1) lib/rails/rack/logger.rb:20:in `call'
  quiet_assets (1.0.2) lib/quiet_assets.rb:18:in `call_with_quiet_assets'
  actionpack (4.1.0.rc1) lib/action_dispatch/middleware/request_id.rb:21:in `call'
  rack (1.5.2) lib/rack/methodoverride.rb:21:in `call'
  rack (1.5.2) lib/rack/runtime.rb:17:in `call'
  activesupport (4.1.0.rc1) lib/active_support/cache/strategy/local_cache.rb:87:in `call'
  rack (1.5.2) lib/rack/lock.rb:17:in `call'
  actionpack (4.1.0.rc1) lib/action_dispatch/middleware/static.rb:64:in `call'
  rack (1.5.2) lib/rack/sendfile.rb:112:in `call'
  railties (4.1.0.rc1) lib/rails/engine.rb:515:in `call'
  railties (4.1.0.rc1) lib/rails/application.rb:142:in `call'
  rack (1.5.2) lib/rack/lock.rb:17:in `call'
  rack (1.5.2) lib/rack/content_length.rb:14:in `call'
  rack (1.5.2) lib/rack/handler/webrick.rb:60:in `service'
   () home/geek/.rvm/rubies/ruby-2.1.0/lib/ruby/2.1.0/webrick/httpserver.rb:138:in `service'
   () home/geek/.rvm/rubies/ruby-2.1.0/lib/ruby/2.1.0/webrick/httpserver.rb:94:in `run'
   () home/geek/.rvm/rubies/ruby-2.1.0/lib/ruby/2.1.0/webrick/server.rb:295:in `block in start_thread'



Started POST "/__better_errors/48624640/variables" for 127.0.0.1 at 2014-03-10 00:31:16 +0530


Started GET "/download" for 127.0.0.1 at 2014-03-10 00:33:53 +0530
Processing by HomeController#download as HTML
Sent file /home/geek/workspace/with_tests/rails-devise-pundit/public/images/destination.jpg (0.2ms)
Completed 200 OK in 2ms (ActiveRecord: 0.0ms)


Started GET "/download" for 127.0.0.1 at 2014-03-10 00:33:53 +0530
Processing by HomeController#download as HTML
Sent file /home/geek/workspace/with_tests/rails-devise-pundit/public/images/destination.jpg (0.1ms)
Completed 200 OK in 1ms (ActiveRecord: 0.0ms)


Started GET "/download" for 127.0.0.1 at 2014-03-10 00:34:09 +0530
Processing by HomeController#download as HTML
Sent file /home/geek/workspace/with_tests/rails-devise-pundit/public/images/destination.jpg (0.1ms)
Completed 200 OK in 1ms (ActiveRecord: 0.0ms)


Started GET "/download" for 127.0.0.1 at 2014-03-10 00:34:10 +0530
Processing by HomeController#download as HTML
Sent file /home/geek/workspace/with_tests/rails-devise-pundit/public/images/destination.jpg (0.1ms)
Completed 200 OK in 1ms (ActiveRecord: 0.0ms)


Started DELETE "/users/sign_out" for 127.0.0.1 at 2014-03-10 00:34:31 +0530
Processing by Devise::SessionsController#destroy as HTML
  Parameters: {"authenticity_token"=>"ghqK2QphtDYt1U4TwpxYNxYoIWlJlrteZNlUsbqPweI="}
  [1m[36mUser Load (0.3ms)[0m  [1mSELECT  "users".* FROM "users"  WHERE "users"."id" = 1  ORDER BY "users"."id" ASC LIMIT 1[0m
  [1m[35m (0.2ms)[0m  begin transaction
  [1m[36m (0.1ms)[0m  [1mcommit transaction[0m
Redirected to http://lvh.me:3000/
Completed 302 Found in 22ms (ActiveRecord: 1.3ms)


Started GET "/" for 127.0.0.1 at 2014-03-10 00:34:31 +0530
Processing by HomeController#index as HTML
  Rendered home/index.html.erb within layouts/application (0.5ms)
  Rendered layouts/_navigation_links.html.erb (0.5ms)
  Rendered layouts/_navigation.html.erb (1.7ms)
  Rendered layouts/_messages.html.erb (0.2ms)
Completed 200 OK in 18ms (Views: 16.7ms | ActiveRecord: 0.0ms)


Started GET "/users/sign_in" for 127.0.0.1 at 2014-03-10 00:34:35 +0530
Processing by Devise::SessionsController#new as HTML
  Rendered devise/sessions/new.html.erb within layouts/application (5.2ms)
  Rendered layouts/_navigation_links.html.erb (0.7ms)
  Rendered layouts/_navigation.html.erb (2.1ms)
  Rendered layouts/_messages.html.erb (0.3ms)
Completed 200 OK in 26ms (Views: 23.6ms | ActiveRecord: 0.0ms)


Started POST "/users/sign_in" for 127.0.0.1 at 2014-03-10 00:34:49 +0530
Processing by Devise::SessionsController#create as HTML
  Parameters: {"utf8"=>"✓", "authenticity_token"=>"mcQqizzG8k+By37V1hrdQJYmfeu75a7q1wfUqFPMR2I=", "user"=>{"email"=>"usernormal123@example.com", "password"=>"[FILTERED]", "remember_me"=>"0"}, "commit"=>"Log in"}
  [1m[35mUser Load (0.5ms)[0m  SELECT  "users".* FROM "users"  WHERE "users"."email" = 'usernormal123@example.com'  ORDER BY "users"."id" ASC LIMIT 1
Completed 401 Unauthorized in 98ms
Processing by Devise::SessionsController#new as HTML
  Parameters: {"utf8"=>"✓", "authenticity_token"=>"mcQqizzG8k+By37V1hrdQJYmfeu75a7q1wfUqFPMR2I=", "user"=>{"email"=>"usernormal123@example.com", "password"=>"[FILTERED]", "remember_me"=>"0"}, "commit"=>"Log in"}
  Rendered devise/sessions/new.html.erb within layouts/application (3.4ms)
  Rendered layouts/_navigation_links.html.erb (0.4ms)
  Rendered layouts/_navigation.html.erb (1.8ms)
  Rendered layouts/_messages.html.erb (0.2ms)
Completed 200 OK in 114ms (Views: 18.8ms | ActiveRecord: 0.0ms)


Started POST "/users/sign_in" for 127.0.0.1 at 2014-03-10 00:35:07 +0530
Processing by Devise::SessionsController#create as HTML
  Parameters: {"utf8"=>"✓", "authenticity_token"=>"mcQqizzG8k+By37V1hrdQJYmfeu75a7q1wfUqFPMR2I=", "user"=>{"email"=>"usernormal123@abc.com", "password"=>"[FILTERED]", "remember_me"=>"0"}, "commit"=>"Log in"}
  [1m[36mUser Load (0.3ms)[0m  [1mSELECT  "users".* FROM "users"  WHERE "users"."email" = 'usernormal123@abc.com'  ORDER BY "users"."id" ASC LIMIT 1[0m
Completed 401 Unauthorized in 4ms
Processing by Devise::SessionsController#new as HTML
  Parameters: {"utf8"=>"✓", "authenticity_token"=>"mcQqizzG8k+By37V1hrdQJYmfeu75a7q1wfUqFPMR2I=", "user"=>{"email"=>"usernormal123@abc.com", "password"=>"[FILTERED]", "remember_me"=>"0"}, "commit"=>"Log in"}
  Rendered devise/sessions/new.html.erb within layouts/application (3.5ms)
  Rendered layouts/_navigation_links.html.erb (0.4ms)
  Rendered layouts/_navigation.html.erb (1.5ms)
  Rendered layouts/_messages.html.erb (0.1ms)
Completed 200 OK in 117ms (Views: 20.3ms | ActiveRecord: 0.0ms)


Started POST "/users/sign_in" for 127.0.0.1 at 2014-03-10 00:35:19 +0530
Processing by Devise::SessionsController#create as HTML
  Parameters: {"utf8"=>"✓", "authenticity_token"=>"mcQqizzG8k+By37V1hrdQJYmfeu75a7q1wfUqFPMR2I=", "user"=>{"email"=>"usernormal123@abc.com", "password"=>"[FILTERED]", "remember_me"=>"0"}, "commit"=>"Log in"}
  [1m[35mUser Load (0.3ms)[0m  SELECT  "users".* FROM "users"  WHERE "users"."email" = 'usernormal123@abc.com'  ORDER BY "users"."id" ASC LIMIT 1
Completed 401 Unauthorized in 3ms
Processing by Devise::SessionsController#new as HTML
  Parameters: {"utf8"=>"✓", "authenticity_token"=>"mcQqizzG8k+By37V1hrdQJYmfeu75a7q1wfUqFPMR2I=", "user"=>{"email"=>"usernormal123@abc.com", "password"=>"[FILTERED]", "remember_me"=>"0"}, "commit"=>"Log in"}
  Rendered devise/sessions/new.html.erb within layouts/application (3.4ms)
  Rendered layouts/_navigation_links.html.erb (0.5ms)
  Rendered layouts/_navigation.html.erb (1.5ms)
  Rendered layouts/_messages.html.erb (0.1ms)
Completed 200 OK in 113ms (Views: 18.5ms | ActiveRecord: 0.0ms)


Started POST "/users/sign_in" for 127.0.0.1 at 2014-03-10 00:35:47 +0530
Processing by Devise::SessionsController#create as HTML
  Parameters: {"utf8"=>"✓", "authenticity_token"=>"mcQqizzG8k+By37V1hrdQJYmfeu75a7q1wfUqFPMR2I=", "user"=>{"email"=>"normaluser123@abc.com", "password"=>"[FILTERED]", "remember_me"=>"0"}, "commit"=>"Log in"}
  [1m[36mUser Load (0.4ms)[0m  [1mSELECT  "users".* FROM "users"  WHERE "users"."email" = 'normaluser123@abc.com'  ORDER BY "users"."id" ASC LIMIT 1[0m
  [1m[35m (0.1ms)[0m  begin transaction
  [1m[36mSQL (0.3ms)[0m  [1mUPDATE "users" SET "current_sign_in_at" = ?, "last_sign_in_at" = ?, "sign_in_count" = ?, "updated_at" = ? WHERE "users"."id" = 4[0m  [["current_sign_in_at", "2014-03-09 19:05:47.563283"], ["last_sign_in_at", "2014-03-09 18:20:31.215374"], ["sign_in_count", 3], ["updated_at", "2014-03-09 19:05:47.564273"]]
  [1m[35m (240.5ms)[0m  commit transaction
Redirected to http://lvh.me:3000/
Completed 302 Found in 344ms (ActiveRecord: 241.3ms)


Started GET "/" for 127.0.0.1 at 2014-03-10 00:35:47 +0530
Processing by HomeController#index as HTML
  [1m[36mUser Load (0.3ms)[0m  [1mSELECT  "users".* FROM "users"  WHERE "users"."id" = 4  ORDER BY "users"."id" ASC LIMIT 1[0m
  Rendered home/index.html.erb within layouts/application (1.6ms)
  Rendered layouts/_navigation_links.html.erb (0.4ms)
  Rendered layouts/_navigation.html.erb (1.7ms)
  Rendered layouts/_messages.html.erb (0.2ms)
Completed 200 OK in 18ms (Views: 16.7ms | ActiveRecord: 0.3ms)


Started DELETE "/users/sign_out" for 127.0.0.1 at 2014-03-10 00:36:04 +0530
Processing by Devise::SessionsController#destroy as HTML
  Parameters: {"authenticity_token"=>"Mehsy76ayTdleLKG4xe8tatmWQa9zBYcgqxinoV9mxI="}
  [1m[35mUser Load (0.3ms)[0m  SELECT  "users".* FROM "users"  WHERE "users"."id" = 4  ORDER BY "users"."id" ASC LIMIT 1
  [1m[36m (0.1ms)[0m  [1mbegin transaction[0m
  [1m[35m (0.1ms)[0m  commit transaction
Redirected to http://lvh.me:3000/
Completed 302 Found in 9ms (ActiveRecord: 0.5ms)


Started GET "/" for 127.0.0.1 at 2014-03-10 00:36:04 +0530
Processing by HomeController#index as HTML
  Rendered home/index.html.erb within layouts/application (0.4ms)
  Rendered layouts/_navigation_links.html.erb (0.4ms)
  Rendered layouts/_navigation.html.erb (1.5ms)
  Rendered layouts/_messages.html.erb (0.2ms)
Completed 200 OK in 15ms (Views: 14.4ms | ActiveRecord: 0.0ms)


Started GET "/users/sign_in" for 127.0.0.1 at 2014-03-10 00:36:08 +0530
Processing by Devise::SessionsController#new as HTML
  Rendered devise/sessions/new.html.erb within layouts/application (4.3ms)
  Rendered layouts/_navigation_links.html.erb (0.6ms)
  Rendered layouts/_navigation.html.erb (1.7ms)
  Rendered layouts/_messages.html.erb (0.1ms)
Completed 200 OK in 23ms (Views: 20.7ms | ActiveRecord: 0.0ms)


Started POST "/users/sign_in" for 127.0.0.1 at 2014-03-10 00:36:20 +0530
Processing by Devise::SessionsController#create as HTML
  Parameters: {"utf8"=>"✓", "authenticity_token"=>"6QF0Ul8dRjFjBRqCcLD4DcK2OEstgw8MXhByU3jLHJc=", "user"=>{"email"=>"user@example.com", "password"=>"[FILTERED]", "remember_me"=>"0"}, "commit"=>"Log in"}
  [1m[36mUser Load (0.3ms)[0m  [1mSELECT  "users".* FROM "users"  WHERE "users"."email" = 'user@example.com'  ORDER BY "users"."id" ASC LIMIT 1[0m
  [1m[35m (0.1ms)[0m  begin transaction
  [1m[36mSQL (0.3ms)[0m  [1mUPDATE "users" SET "current_sign_in_at" = ?, "last_sign_in_at" = ?, "sign_in_count" = ?, "updated_at" = ? WHERE "users"."id" = 1[0m  [["current_sign_in_at", "2014-03-09 19:06:20.796021"], ["last_sign_in_at", "2014-03-09 18:49:03.320394"], ["sign_in_count", 5], ["updated_at", "2014-03-09 19:06:20.796958"]]
  [1m[35m (289.8ms)[0m  commit transaction
Redirected to http://lvh.me:3000/
Completed 302 Found in 396ms (ActiveRecord: 290.6ms)


Started GET "/" for 127.0.0.1 at 2014-03-10 00:36:21 +0530
Processing by HomeController#index as HTML
  [1m[36mUser Load (0.4ms)[0m  [1mSELECT  "users".* FROM "users"  WHERE "users"."id" = 1  ORDER BY "users"."id" ASC LIMIT 1[0m
  [1m[35mUser Load (0.3ms)[0m  SELECT "users".* FROM "users"
  Rendered home/index.html.erb within layouts/application (4.0ms)
  Rendered layouts/_navigation_links.html.erb (0.4ms)
  Rendered layouts/_navigation.html.erb (1.3ms)
  Rendered layouts/_messages.html.erb (0.2ms)
Completed 200 OK in 21ms (Views: 19.1ms | ActiveRecord: 0.7ms)


Started GET "/users" for 127.0.0.1 at 2014-03-10 00:36:26 +0530
Processing by UsersController#index as HTML
  [1m[36mUser Load (0.3ms)[0m  [1mSELECT  "users".* FROM "users"  WHERE "users"."id" = 1  ORDER BY "users"."id" ASC LIMIT 1[0m
  [1m[35mUser Load (0.3ms)[0m  SELECT "users".* FROM "users"
  Rendered users/_user.html.erb (2.5ms)
  Rendered users/_user.html.erb (2.0ms)
  Rendered users/_user.html.erb (2.0ms)
  Rendered users/_user.html.erb (1.8ms)
  Rendered users/index.html.erb within layouts/application (15.2ms)
  Rendered layouts/_navigation_links.html.erb (0.4ms)
  Rendered layouts/_navigation.html.erb (1.7ms)
  Rendered layouts/_messages.html.erb (0.2ms)
Completed 200 OK in 36ms (Views: 31.1ms | ActiveRecord: 0.7ms)


Started GET "/users/edit" for 127.0.0.1 at 2014-03-10 00:36:34 +0530
Processing by RegistrationsController#edit as HTML
  [1m[36mUser Load (0.4ms)[0m  [1mSELECT  "users".* FROM "users"  WHERE "users"."id" = 1  ORDER BY "users"."id" ASC LIMIT 1[0m
  Rendered devise/registrations/edit.html.erb within layouts/application (6.9ms)
  Rendered layouts/_navigation_links.html.erb (0.4ms)
  Rendered layouts/_navigation.html.erb (1.8ms)
  Rendered layouts/_messages.html.erb (0.2ms)
Completed 200 OK in 44ms (Views: 40.6ms | ActiveRecord: 0.4ms)


Started GET "/" for 127.0.0.1 at 2014-03-10 00:41:14 +0530
Processing by HomeController#index as HTML
  [1m[35mUser Load (0.3ms)[0m  SELECT  "users".* FROM "users"  WHERE "users"."id" = 1  ORDER BY "users"."id" ASC LIMIT 1
  [1m[36mUser Load (0.3ms)[0m  [1mSELECT "users".* FROM "users"[0m
  Rendered home/index.html.erb within layouts/application (5.6ms)
  Rendered layouts/_navigation_links.html.erb (0.5ms)
  Rendered layouts/_navigation.html.erb (2.0ms)
  Rendered layouts/_messages.html.erb (0.1ms)
Completed 200 OK in 25ms (Views: 22.8ms | ActiveRecord: 0.7ms)


Started GET "/" for 127.0.0.1 at 2014-03-10 00:42:57 +0530
Processing by HomeController#index as HTML
  [1m[35mUser Load (0.3ms)[0m  SELECT  "users".* FROM "users"  WHERE "users"."id" = 1  ORDER BY "users"."id" ASC LIMIT 1
  [1m[36mUser Load (1.0ms)[0m  [1mSELECT "users".* FROM "users"[0m
  Rendered home/index.html.erb within layouts/application (6.0ms)
  Rendered layouts/_navigation_links.html.erb (0.4ms)
  Rendered layouts/_navigation.html.erb (1.5ms)
  Rendered layouts/_messages.html.erb (0.1ms)
Completed 200 OK in 22ms (Views: 19.4ms | ActiveRecord: 1.4ms)


Started GET "/" for 127.0.0.1 at 2014-03-10 00:44:21 +0530
Processing by HomeController#index as HTML
  [1m[35mUser Load (0.3ms)[0m  SELECT  "users".* FROM "users"  WHERE "users"."id" = 1  ORDER BY "users"."id" ASC LIMIT 1
  [1m[36mUser Load (0.4ms)[0m  [1mSELECT "users".* FROM "users"[0m
  Rendered home/index.html.erb within layouts/application (5.4ms)
  Rendered layouts/_navigation_links.html.erb (0.4ms)
  Rendered layouts/_navigation.html.erb (1.5ms)
  Rendered layouts/_messages.html.erb (0.1ms)
Completed 200 OK in 32ms (Views: 30.6ms | ActiveRecord: 0.7ms)


Started GET "/" for 127.0.0.1 at 2014-03-10 00:46:48 +0530
Processing by HomeController#index as HTML
  [1m[35mUser Load (0.3ms)[0m  SELECT  "users".* FROM "users"  WHERE "users"."id" = 1  ORDER BY "users"."id" ASC LIMIT 1
  [1m[36mUser Load (0.3ms)[0m  [1mSELECT "users".* FROM "users"[0m
  Rendered home/index.html.erb within layouts/application (4.3ms)
  Rendered layouts/_navigation_links.html.erb (0.4ms)
  Rendered layouts/_navigation.html.erb (4.1ms)
  Rendered layouts/_messages.html.erb (0.1ms)
Completed 200 OK in 23ms (Views: 21.9ms | ActiveRecord: 0.6ms)


Started GET "/" for 127.0.0.1 at 2014-03-10 00:48:14 +0530
Processing by HomeController#index as HTML
  [1m[35mUser Load (0.3ms)[0m  SELECT  "users".* FROM "users"  WHERE "users"."id" = 1  ORDER BY "users"."id" ASC LIMIT 1
  [1m[36mUser Load (0.3ms)[0m  [1mSELECT "users".* FROM "users"[0m
  Rendered home/index.html.erb within layouts/application (5.4ms)
  Rendered layouts/_navigation_links.html.erb (0.4ms)
  Rendered layouts/_navigation.html.erb (1.6ms)
  Rendered layouts/_messages.html.erb (0.1ms)
Completed 200 OK in 22ms (Views: 20.7ms | ActiveRecord: 0.7ms)


Started GET "/" for 127.0.0.1 at 2014-03-10 00:49:30 +0530
Processing by HomeController#index as HTML
  [1m[35mUser Load (0.3ms)[0m  SELECT  "users".* FROM "users"  WHERE "users"."id" = 1  ORDER BY "users"."id" ASC LIMIT 1
  [1m[36mUser Load (0.3ms)[0m  [1mSELECT "users".* FROM "users"[0m
  Rendered home/index.html.erb within layouts/application (5.1ms)
  Rendered layouts/_navigation_links.html.erb (0.4ms)
  Rendered layouts/_navigation.html.erb (1.5ms)
  Rendered layouts/_messages.html.erb (0.1ms)
Completed 200 OK in 21ms (Views: 19.6ms | ActiveRecord: 0.6ms)


Started GET "/download" for 127.0.0.1 at 2014-03-10 00:49:38 +0530
Processing by HomeController#download as HTML
Sent file /home/geek/workspace/with_tests/rails-devise-pundit/public/images/destination.jpg (0.1ms)
Completed 200 OK in 1ms (ActiveRecord: 0.0ms)


Started GET "/download" for 127.0.0.1 at 2014-03-10 00:49:38 +0530
Processing by HomeController#download as HTML
Sent file /home/geek/workspace/with_tests/rails-devise-pundit/public/images/destination.jpg (0.1ms)
Completed 200 OK in 2ms (ActiveRecord: 0.0ms)
